#-----------------------------------------------------------
# Vivado v2019.2 (64-bit)
# SW Build 2708876 on Wed Nov  6 21:40:23 MST 2019
# IP Build 2700528 on Thu Nov  7 00:09:20 MST 2019
# Start of session at: Thu Dec  2 23:25:06 2021
# Process ID: 20756
# Current directory: C:/Users/naika/Documents/GitHub/dcps_ddmtd_toolkit/firmware/firmware_DCPS
# Command line: vivado.exe -gui_launcher_event rodinguilauncherevent2004 C:\Users\naika\Documents\GitHub\dcps_ddmtd_toolkit\firmware\firmware_DCPS\project_2_bram.xpr
# Log file: C:/Users/naika/Documents/GitHub/dcps_ddmtd_toolkit/firmware/firmware_DCPS/vivado.log
# Journal file: C:/Users/naika/Documents/GitHub/dcps_ddmtd_toolkit/firmware/firmware_DCPS\vivado.jou
#-----------------------------------------------------------
start_gui
open_project C:/Users/naika/Documents/GitHub/dcps_ddmtd_toolkit/firmware/firmware_DCPS/project_2_bram.xpr
INFO: [Project 1-313] Project file moved from '/home/rsaradhy/Work/trenz/firmware/firmware_DCPS' since last save.
Scanning sources...
Finished scanning sources
CRITICAL WARNING: [Board 49-67] The board_part definition was not found for trenz.biz:te0820_2cg_1e:part0:2.0. This can happen sometimes when you use custom board part. You can resolve this issue by setting 'board.repoPaths' parameter, pointing to the location of custom board files. Valid board_part values can be retrieved with the 'get_board_parts' Tcl command.
INFO: [IP_Flow 19-234] Refreshing IP repositories
INFO: [IP_Flow 19-1704] No user IP repositories specified
INFO: [IP_Flow 19-2313] Loaded Vivado IP repository 'C:/Xilinx/Vivado/2019.2/data/ip'.
WARNING: [BD 41-1661] One or more IPs have been locked in the design 'design_1.bd'. Please run report_ip_status for more details and recommendations on how to fix this issue.
List of locked IPs:
design_1_axi_smc_1
design_1_rst_ps8_0_200M_0
design_1_axi_gpio_0_0

open_project: Time (s): cpu = 00:00:22 ; elapsed = 00:00:15 . Memory (MB): peak = 938.332 ; gain = 277.062
reset_run synth_1
launch_runs synth_1 -jobs 6
INFO: [Vivado 12-4149] The synthesis checkpoint for IP 'C:/Users/naika/Documents/GitHub/dcps_ddmtd_toolkit/firmware/firmware_DCPS/project_2_bram.srcs/sources_1/ip/FIFO_10/FIFO_10.xci' is already up-to-date
[Thu Dec  2 23:38:24 2021] Launched synth_1...
Run output will be captured here: C:/Users/naika/Documents/GitHub/dcps_ddmtd_toolkit/firmware/firmware_DCPS/project_2_bram.runs/synth_1/runme.log
launch_runs impl_1 -jobs 6
INFO: [Vivado 12-4149] The synthesis checkpoint for IP 'C:/Users/naika/Documents/GitHub/dcps_ddmtd_toolkit/firmware/firmware_DCPS/project_2_bram.srcs/sources_1/ip/FIFO_10/FIFO_10.xci' is already up-to-date
[Thu Dec  2 23:42:26 2021] Launched impl_1...
Run output will be captured here: C:/Users/naika/Documents/GitHub/dcps_ddmtd_toolkit/firmware/firmware_DCPS/project_2_bram.runs/impl_1/runme.log
launch_runs impl_1 -to_step write_bitstream -jobs 6
INFO: [Vivado 12-4149] The synthesis checkpoint for IP 'C:/Users/naika/Documents/GitHub/dcps_ddmtd_toolkit/firmware/firmware_DCPS/project_2_bram.srcs/sources_1/ip/FIFO_10/FIFO_10.xci' is already up-to-date
[Fri Dec  3 00:05:49 2021] Launched impl_1...
Run output will be captured here: C:/Users/naika/Documents/GitHub/dcps_ddmtd_toolkit/firmware/firmware_DCPS/project_2_bram.runs/impl_1/runme.log
open_run impl_1
INFO: [Device 21-403] Loading part xczu2cg-sfvc784-1-e
Netlist sorting complete. Time (s): cpu = 00:00:03 ; elapsed = 00:00:03 . Memory (MB): peak = 1888.531 ; gain = 0.000
INFO: [Netlist 29-17] Analyzing 318 Unisim elements for replacement
INFO: [Netlist 29-28] Unisim Transformation completed in 1 CPU seconds
INFO: [Project 1-479] Netlist was created with Vivado 2019.2
INFO: [Project 1-570] Preparing netlist for logic optimization
INFO: [Timing 38-478] Restoring timing data from binary archive.
INFO: [Timing 38-479] Binary timing data restore complete.
INFO: [Project 1-856] Restoring constraints from binary archive.
INFO: [Project 1-853] Binary constraint restore complete.
Reading XDEF placement.
Reading placer database...
Reading XDEF routing.
Read XDEF File: Time (s): cpu = 00:00:07 ; elapsed = 00:00:07 . Memory (MB): peak = 2562.492 ; gain = 33.066
Restored from archive | CPU: 7.000000 secs | Memory: 0.000000 MB |
Finished XDEF File Restore: Time (s): cpu = 00:00:07 ; elapsed = 00:00:07 . Memory (MB): peak = 2562.492 ; gain = 33.066
Netlist sorting complete. Time (s): cpu = 00:00:00 ; elapsed = 00:00:00.039 . Memory (MB): peak = 2562.492 ; gain = 0.000
INFO: [Project 1-111] Unisim Transformation Summary:
  A total of 267 instances were transformed.
  IBUF => IBUF (IBUFCTRL, INBUF): 7 instances
  IBUFDS => IBUFDS (DIFFINBUF, IBUFCTRL): 13 instances
  IBUFGDS => IBUFDS (DIFFINBUF, IBUFCTRL): 1 instance 
  RAM32M16 => RAM32M16 (RAMD32(x14), RAMS32(x2)): 246 instances

open_run: Time (s): cpu = 00:01:12 ; elapsed = 00:01:00 . Memory (MB): peak = 2759.758 ; gain = 1766.395
open_report: Time (s): cpu = 00:01:23 ; elapsed = 00:00:36 . Memory (MB): peak = 4627.164 ; gain = 1827.633
open_bd_design {C:/Users/naika/Documents/GitHub/dcps_ddmtd_toolkit/firmware/firmware_DCPS/project_2_bram.srcs/sources_1/bd/design_1/design_1.bd}
Adding component instance block -- xilinx.com:ip:zynq_ultra_ps_e:3.3 - zynq_ultra_ps_e_0
Adding component instance block -- xilinx.com:ip:smartconnect:1.0 - axi_smc
Adding component instance block -- xilinx.com:ip:proc_sys_reset:5.0 - rst_ps8_0_200M
Adding component instance block -- xilinx.com:ip:axi_gpio:2.0 - axi_gpio_0
Adding component instance block -- xilinx.com:ip:axi_bram_ctrl:4.1 - axi_bram_ctrl_0
Adding component instance block -- xilinx.com:ip:blk_mem_gen:8.4 - axi_bram_ctrl_0_bram
Adding component instance block -- xilinx.com:ip:axi_bram_ctrl:4.1 - axi_bram_ctrl_1
Adding component instance block -- xilinx.com:ip:blk_mem_gen:8.4 - axi_bram_ctrl_0_bram1
Adding component instance block -- xilinx.com:ip:blk_mem_gen:8.4 - axi_bram_ctrl_0_bram2
Adding component instance block -- xilinx.com:ip:axi_bram_ctrl:4.1 - axi_bram_ctrl_2
Successfully read diagram <design_1> from BD file <C:/Users/naika/Documents/GitHub/dcps_ddmtd_toolkit/firmware/firmware_DCPS/project_2_bram.srcs/sources_1/bd/design_1/design_1.bd>
open_bd_design: Time (s): cpu = 00:00:11 ; elapsed = 00:00:15 . Memory (MB): peak = 4875.453 ; gain = 0.000
WARNING: [Vivado 12-4173] The following IPs are not generated and locked, no out-of-context (OOC) run will be created. Please select 'Report IP Status' from 'Tools/Report' or run Tcl command 'report_ip_status' for more information.
C:/Users/naika/Documents/GitHub/dcps_ddmtd_toolkit/firmware/firmware_DCPS/project_2_bram.srcs/sources_1/bd/design_1/design_1.bd

synth_design -rtl -name rtl_1
Command: synth_design -rtl -name rtl_1
Starting synth_design
Using part: xczu2cg-sfvc784-1-e
Top: main
---------------------------------------------------------------------------------
Starting RTL Elaboration : Time (s): cpu = 00:00:07 ; elapsed = 00:00:08 . Memory (MB): peak = 4875.453 ; gain = 0.000
---------------------------------------------------------------------------------
INFO: [Synth 8-6157] synthesizing module 'main' [C:/Users/naika/Documents/GitHub/dcps_ddmtd_toolkit/firmware/firmware_DCPS/project_2_bram.srcs/sources_1/new/main.v:23]
	Parameter RESET_COUNT bound to: 1000000 - type: integer 
	Parameter RESET_RUN bound to: 950000 - type: integer 
	Parameter NUM_DDMTD bound to: 24 - type: integer 
	Parameter DATA_WIDTH bound to: 32 - type: integer 
	Parameter START_COUNT bound to: 32 - type: integer 
	Parameter NUM_BYTES bound to: 32 - type: integer 
INFO: [Synth 8-6157] synthesizing module 'OBUFDS' [C:/Xilinx/Vivado/2019.2/scripts/rt/data/unisim_comp.v:46225]
	Parameter CAPACITANCE bound to: DONT_CARE - type: string 
	Parameter IOSTANDARD bound to: DEFAULT - type: string 
	Parameter SLEW bound to: SLOW - type: string 
INFO: [Synth 8-6155] done synthesizing module 'OBUFDS' (1#1) [C:/Xilinx/Vivado/2019.2/scripts/rt/data/unisim_comp.v:46225]
INFO: [Synth 8-6157] synthesizing module 'IBUFGDS' [C:/Xilinx/Vivado/2019.2/scripts/rt/data/unisim_comp.v:33416]
	Parameter CAPACITANCE bound to: DONT_CARE - type: string 
	Parameter DIFF_TERM bound to: FALSE - type: string 
	Parameter IBUF_DELAY_VALUE bound to: 0 - type: string 
	Parameter IBUF_LOW_PWR bound to: TRUE - type: string 
	Parameter IOSTANDARD bound to: DEFAULT - type: string 
INFO: [Synth 8-6155] done synthesizing module 'IBUFGDS' (2#1) [C:/Xilinx/Vivado/2019.2/scripts/rt/data/unisim_comp.v:33416]
INFO: [Synth 8-6157] synthesizing module 'IBUFDS' [C:/Xilinx/Vivado/2019.2/scripts/rt/data/unisim_comp.v:32952]
	Parameter CAPACITANCE bound to: DONT_CARE - type: string 
	Parameter DIFF_TERM bound to: FALSE - type: string 
	Parameter DQS_BIAS bound to: FALSE - type: string 
	Parameter IBUF_DELAY_VALUE bound to: 0 - type: string 
	Parameter IBUF_LOW_PWR bound to: TRUE - type: string 
	Parameter IFD_DELAY_VALUE bound to: AUTO - type: string 
	Parameter IOSTANDARD bound to: DEFAULT - type: string 
INFO: [Synth 8-6155] done synthesizing module 'IBUFDS' (3#1) [C:/Xilinx/Vivado/2019.2/scripts/rt/data/unisim_comp.v:32952]
INFO: [Synth 8-6157] synthesizing module 'sync_ddr' [C:/Users/naika/Documents/GitHub/dcps_ddmtd_toolkit/firmware/firmware_DCPS/project_2_bram.srcs/sources_1/new/sync_ddr.v:23]
INFO: [Synth 8-6157] synthesizing module 'IDDRE1' [C:/Xilinx/Vivado/2019.2/scripts/rt/data/unisim_comp.v:34944]
	Parameter DDR_CLK_EDGE bound to: OPPOSITE_EDGE - type: string 
	Parameter IS_CB_INVERTED bound to: 1'b1 
	Parameter IS_C_INVERTED bound to: 1'b0 
INFO: [Synth 8-6155] done synthesizing module 'IDDRE1' (4#1) [C:/Xilinx/Vivado/2019.2/scripts/rt/data/unisim_comp.v:34944]
WARNING: [Synth 8-7023] instance 'IDDRE1_inst' of module 'IDDRE1' has 6 connections declared, but only 5 given [C:/Users/naika/Documents/GitHub/dcps_ddmtd_toolkit/firmware/firmware_DCPS/project_2_bram.srcs/sources_1/new/sync_ddr.v:42]
INFO: [Synth 8-6155] done synthesizing module 'sync_ddr' (5#1) [C:/Users/naika/Documents/GitHub/dcps_ddmtd_toolkit/firmware/firmware_DCPS/project_2_bram.srcs/sources_1/new/sync_ddr.v:23]
INFO: [Synth 8-6157] synthesizing module 'DDMTD_Array' [C:/Users/naika/Documents/GitHub/dcps_ddmtd_toolkit/firmware/firmware_DCPS/project_2_bram.srcs/sources_1/imports/new/DDMTD_Array.v:23]
	Parameter NUM_DDMTD bound to: 24 - type: integer 
	Parameter DATA_WIDTH bound to: 32 - type: integer 
	Parameter C_M_START_COUNT bound to: 32 - type: integer 
INFO: [Synth 8-6157] synthesizing module 'DDMTD_Sampler' [C:/Users/naika/Documents/GitHub/dcps_ddmtd_toolkit/firmware/firmware_DCPS/project_2_bram.srcs/sources_1/imports/new/DDMTD_Sampler.v:23]
	Parameter DATA_WIDTH bound to: 32 - type: integer 
	Parameter C_M_START_COUNT bound to: 32 - type: integer 
INFO: [Synth 8-6157] synthesizing module 'FIFO_10' [C:/Users/naika/Documents/GitHub/dcps_ddmtd_toolkit/firmware/firmware_DCPS/.Xil/Vivado-20756-LAPTOP-LEHA1130/realtime/FIFO_10_stub.v:6]
INFO: [Synth 8-6155] done synthesizing module 'FIFO_10' (6#1) [C:/Users/naika/Documents/GitHub/dcps_ddmtd_toolkit/firmware/firmware_DCPS/.Xil/Vivado-20756-LAPTOP-LEHA1130/realtime/FIFO_10_stub.v:6]
WARNING: [Synth 8-7023] instance 'FIFO_10_inst' of module 'FIFO_10' has 13 connections declared, but only 11 given [C:/Users/naika/Documents/GitHub/dcps_ddmtd_toolkit/firmware/firmware_DCPS/project_2_bram.srcs/sources_1/imports/new/DDMTD_Sampler.v:248]
WARNING: [Synth 8-6014] Unused sequential element sampleGeneratorEnR_reg was removed.  [C:/Users/naika/Documents/GitHub/dcps_ddmtd_toolkit/firmware/firmware_DCPS/project_2_bram.srcs/sources_1/imports/new/DDMTD_Sampler.v:117]
WARNING: [Synth 8-6014] Unused sequential element afterResetCycleCounterR_reg was removed.  [C:/Users/naika/Documents/GitHub/dcps_ddmtd_toolkit/firmware/firmware_DCPS/project_2_bram.srcs/sources_1/imports/new/DDMTD_Sampler.v:118]
INFO: [Synth 8-6155] done synthesizing module 'DDMTD_Sampler' (7#1) [C:/Users/naika/Documents/GitHub/dcps_ddmtd_toolkit/firmware/firmware_DCPS/project_2_bram.srcs/sources_1/imports/new/DDMTD_Sampler.v:23]
INFO: [Synth 8-6155] done synthesizing module 'DDMTD_Array' (8#1) [C:/Users/naika/Documents/GitHub/dcps_ddmtd_toolkit/firmware/firmware_DCPS/project_2_bram.srcs/sources_1/imports/new/DDMTD_Array.v:23]
INFO: [Synth 8-6157] synthesizing module 'design_1_wrapper' [C:/Users/naika/Documents/GitHub/dcps_ddmtd_toolkit/firmware/firmware_DCPS/project_2_bram.srcs/sources_1/bd/design_1/hdl/design_1_wrapper.v:12]
INFO: [Synth 8-6157] synthesizing module 'design_1' [C:/Users/naika/Documents/GitHub/dcps_ddmtd_toolkit/firmware/firmware_DCPS/project_2_bram.srcs/sources_1/bd/design_1/synth/design_1.v:13]
INFO: [Synth 8-6157] synthesizing module 'design_1_axi_bram_ctrl_0_11' [C:/Users/naika/Documents/GitHub/dcps_ddmtd_toolkit/firmware/firmware_DCPS/.Xil/Vivado-20756-LAPTOP-LEHA1130/realtime/design_1_axi_bram_ctrl_0_11_stub.v:6]
INFO: [Synth 8-6155] done synthesizing module 'design_1_axi_bram_ctrl_0_11' (9#1) [C:/Users/naika/Documents/GitHub/dcps_ddmtd_toolkit/firmware/firmware_DCPS/.Xil/Vivado-20756-LAPTOP-LEHA1130/realtime/design_1_axi_bram_ctrl_0_11_stub.v:6]
INFO: [Synth 8-6157] synthesizing module 'design_1_axi_bram_ctrl_0_bram_7' [C:/Users/naika/Documents/GitHub/dcps_ddmtd_toolkit/firmware/firmware_DCPS/.Xil/Vivado-20756-LAPTOP-LEHA1130/realtime/design_1_axi_bram_ctrl_0_bram_7_stub.v:6]
INFO: [Synth 8-6155] done synthesizing module 'design_1_axi_bram_ctrl_0_bram_7' (10#1) [C:/Users/naika/Documents/GitHub/dcps_ddmtd_toolkit/firmware/firmware_DCPS/.Xil/Vivado-20756-LAPTOP-LEHA1130/realtime/design_1_axi_bram_ctrl_0_bram_7_stub.v:6]
WARNING: [Synth 8-7023] instance 'axi_bram_ctrl_0_bram' of module 'design_1_axi_bram_ctrl_0_bram_7' has 16 connections declared, but only 14 given [C:/Users/naika/Documents/GitHub/dcps_ddmtd_toolkit/firmware/firmware_DCPS/project_2_bram.srcs/sources_1/bd/design_1/synth/design_1.v:323]
INFO: [Synth 8-6157] synthesizing module 'design_1_axi_bram_ctrl_0_bram_8' [C:/Users/naika/Documents/GitHub/dcps_ddmtd_toolkit/firmware/firmware_DCPS/.Xil/Vivado-20756-LAPTOP-LEHA1130/realtime/design_1_axi_bram_ctrl_0_bram_8_stub.v:6]
INFO: [Synth 8-6155] done synthesizing module 'design_1_axi_bram_ctrl_0_bram_8' (11#1) [C:/Users/naika/Documents/GitHub/dcps_ddmtd_toolkit/firmware/firmware_DCPS/.Xil/Vivado-20756-LAPTOP-LEHA1130/realtime/design_1_axi_bram_ctrl_0_bram_8_stub.v:6]
WARNING: [Synth 8-7023] instance 'axi_bram_ctrl_0_bram1' of module 'design_1_axi_bram_ctrl_0_bram_8' has 16 connections declared, but only 14 given [C:/Users/naika/Documents/GitHub/dcps_ddmtd_toolkit/firmware/firmware_DCPS/project_2_bram.srcs/sources_1/bd/design_1/synth/design_1.v:338]
INFO: [Synth 8-6157] synthesizing module 'design_1_axi_bram_ctrl_0_bram1_0' [C:/Users/naika/Documents/GitHub/dcps_ddmtd_toolkit/firmware/firmware_DCPS/.Xil/Vivado-20756-LAPTOP-LEHA1130/realtime/design_1_axi_bram_ctrl_0_bram1_0_stub.v:6]
INFO: [Synth 8-6155] done synthesizing module 'design_1_axi_bram_ctrl_0_bram1_0' (12#1) [C:/Users/naika/Documents/GitHub/dcps_ddmtd_toolkit/firmware/firmware_DCPS/.Xil/Vivado-20756-LAPTOP-LEHA1130/realtime/design_1_axi_bram_ctrl_0_bram1_0_stub.v:6]
WARNING: [Synth 8-7023] instance 'axi_bram_ctrl_0_bram2' of module 'design_1_axi_bram_ctrl_0_bram1_0' has 16 connections declared, but only 14 given [C:/Users/naika/Documents/GitHub/dcps_ddmtd_toolkit/firmware/firmware_DCPS/project_2_bram.srcs/sources_1/bd/design_1/synth/design_1.v:353]
INFO: [Synth 8-6157] synthesizing module 'design_1_axi_bram_ctrl_0_12' [C:/Users/naika/Documents/GitHub/dcps_ddmtd_toolkit/firmware/firmware_DCPS/.Xil/Vivado-20756-LAPTOP-LEHA1130/realtime/design_1_axi_bram_ctrl_0_12_stub.v:6]
INFO: [Synth 8-6155] done synthesizing module 'design_1_axi_bram_ctrl_0_12' (13#1) [C:/Users/naika/Documents/GitHub/dcps_ddmtd_toolkit/firmware/firmware_DCPS/.Xil/Vivado-20756-LAPTOP-LEHA1130/realtime/design_1_axi_bram_ctrl_0_12_stub.v:6]
INFO: [Synth 8-6157] synthesizing module 'design_1_axi_bram_ctrl_1_0' [C:/Users/naika/Documents/GitHub/dcps_ddmtd_toolkit/firmware/firmware_DCPS/.Xil/Vivado-20756-LAPTOP-LEHA1130/realtime/design_1_axi_bram_ctrl_1_0_stub.v:6]
INFO: [Synth 8-6155] done synthesizing module 'design_1_axi_bram_ctrl_1_0' (14#1) [C:/Users/naika/Documents/GitHub/dcps_ddmtd_toolkit/firmware/firmware_DCPS/.Xil/Vivado-20756-LAPTOP-LEHA1130/realtime/design_1_axi_bram_ctrl_1_0_stub.v:6]
INFO: [Synth 8-6157] synthesizing module 'design_1_axi_gpio_0_0' [C:/Users/naika/Documents/GitHub/dcps_ddmtd_toolkit/firmware/firmware_DCPS/.Xil/Vivado-20756-LAPTOP-LEHA1130/realtime/design_1_axi_gpio_0_0_stub.v:6]
INFO: [Synth 8-6155] done synthesizing module 'design_1_axi_gpio_0_0' (15#1) [C:/Users/naika/Documents/GitHub/dcps_ddmtd_toolkit/firmware/firmware_DCPS/.Xil/Vivado-20756-LAPTOP-LEHA1130/realtime/design_1_axi_gpio_0_0_stub.v:6]
INFO: [Synth 8-6157] synthesizing module 'design_1_axi_smc_1' [C:/Users/naika/Documents/GitHub/dcps_ddmtd_toolkit/firmware/firmware_DCPS/.Xil/Vivado-20756-LAPTOP-LEHA1130/realtime/design_1_axi_smc_1_stub.v:6]
INFO: [Synth 8-6155] done synthesizing module 'design_1_axi_smc_1' (16#1) [C:/Users/naika/Documents/GitHub/dcps_ddmtd_toolkit/firmware/firmware_DCPS/.Xil/Vivado-20756-LAPTOP-LEHA1130/realtime/design_1_axi_smc_1_stub.v:6]
WARNING: [Synth 8-7023] instance 'axi_smc' of module 'design_1_axi_smc_1' has 165 connections declared, but only 151 given [C:/Users/naika/Documents/GitHub/dcps_ddmtd_toolkit/firmware/firmware_DCPS/project_2_bram.srcs/sources_1/bd/design_1/synth/design_1.v:471]
INFO: [Synth 8-6157] synthesizing module 'design_1_rst_ps8_0_200M_0' [C:/Users/naika/Documents/GitHub/dcps_ddmtd_toolkit/firmware/firmware_DCPS/.Xil/Vivado-20756-LAPTOP-LEHA1130/realtime/design_1_rst_ps8_0_200M_0_stub.v:6]
INFO: [Synth 8-6155] done synthesizing module 'design_1_rst_ps8_0_200M_0' (17#1) [C:/Users/naika/Documents/GitHub/dcps_ddmtd_toolkit/firmware/firmware_DCPS/.Xil/Vivado-20756-LAPTOP-LEHA1130/realtime/design_1_rst_ps8_0_200M_0_stub.v:6]
WARNING: [Synth 8-7023] instance 'rst_ps8_0_200M' of module 'design_1_rst_ps8_0_200M_0' has 10 connections declared, but only 6 given [C:/Users/naika/Documents/GitHub/dcps_ddmtd_toolkit/firmware/firmware_DCPS/project_2_bram.srcs/sources_1/bd/design_1/synth/design_1.v:623]
INFO: [Synth 8-6157] synthesizing module 'design_1_zynq_ultra_ps_e_0_1' [C:/Users/naika/Documents/GitHub/dcps_ddmtd_toolkit/firmware/firmware_DCPS/.Xil/Vivado-20756-LAPTOP-LEHA1130/realtime/design_1_zynq_ultra_ps_e_0_1_stub.v:6]
INFO: [Synth 8-6155] done synthesizing module 'design_1_zynq_ultra_ps_e_0_1' (18#1) [C:/Users/naika/Documents/GitHub/dcps_ddmtd_toolkit/firmware/firmware_DCPS/.Xil/Vivado-20756-LAPTOP-LEHA1130/realtime/design_1_zynq_ultra_ps_e_0_1_stub.v:6]
INFO: [Synth 8-6155] done synthesizing module 'design_1' (19#1) [C:/Users/naika/Documents/GitHub/dcps_ddmtd_toolkit/firmware/firmware_DCPS/project_2_bram.srcs/sources_1/bd/design_1/synth/design_1.v:13]
INFO: [Synth 8-6155] done synthesizing module 'design_1_wrapper' (20#1) [C:/Users/naika/Documents/GitHub/dcps_ddmtd_toolkit/firmware/firmware_DCPS/project_2_bram.srcs/sources_1/bd/design_1/hdl/design_1_wrapper.v:12]
WARNING: [Synth 8-689] width (768) of port connection 'BRAM_PORTB_0_din' does not match port width (256) of module 'design_1_wrapper' [C:/Users/naika/Documents/GitHub/dcps_ddmtd_toolkit/firmware/firmware_DCPS/project_2_bram.srcs/sources_1/new/main.v:501]
WARNING: [Synth 8-689] width (768) of port connection 'BRAM_PORTB_0_dout' does not match port width (256) of module 'design_1_wrapper' [C:/Users/naika/Documents/GitHub/dcps_ddmtd_toolkit/firmware/firmware_DCPS/project_2_bram.srcs/sources_1/new/main.v:502]
WARNING: [Synth 8-689] width (768) of port connection 'BRAM_PORTB_1_din' does not match port width (256) of module 'design_1_wrapper' [C:/Users/naika/Documents/GitHub/dcps_ddmtd_toolkit/firmware/firmware_DCPS/project_2_bram.srcs/sources_1/new/main.v:511]
WARNING: [Synth 8-689] width (768) of port connection 'BRAM_PORTB_2_din' does not match port width (256) of module 'design_1_wrapper' [C:/Users/naika/Documents/GitHub/dcps_ddmtd_toolkit/firmware/firmware_DCPS/project_2_bram.srcs/sources_1/new/main.v:520]
WARNING: [Synth 8-7023] instance 'desing_ins' of module 'design_1_wrapper' has 24 connections declared, but only 19 given [C:/Users/naika/Documents/GitHub/dcps_ddmtd_toolkit/firmware/firmware_DCPS/project_2_bram.srcs/sources_1/new/main.v:496]
WARNING: [Synth 8-6014] Unused sequential element beat_1_q1_reg was removed.  [C:/Users/naika/Documents/GitHub/dcps_ddmtd_toolkit/firmware/firmware_DCPS/project_2_bram.srcs/sources_1/new/main.v:254]
WARNING: [Synth 8-6014] Unused sequential element addr_pointer_sync_reg was removed.  [C:/Users/naika/Documents/GitHub/dcps_ddmtd_toolkit/firmware/firmware_DCPS/project_2_bram.srcs/sources_1/new/main.v:480]
INFO: [Synth 8-6155] done synthesizing module 'main' (21#1) [C:/Users/naika/Documents/GitHub/dcps_ddmtd_toolkit/firmware/firmware_DCPS/project_2_bram.srcs/sources_1/new/main.v:23]
WARNING: [Synth 8-3331] design design_1 has unconnected port CLK_IN
WARNING: [Synth 8-3331] design DDMTD_Sampler has unconnected port external_counter[31]
WARNING: [Synth 8-3331] design DDMTD_Sampler has unconnected port M_AXIS_ARESETN
WARNING: [Synth 8-3331] design DDMTD_Sampler has unconnected port WORDS_TO_SEND[31]
WARNING: [Synth 8-3331] design DDMTD_Sampler has unconnected port WORDS_TO_SEND[30]
WARNING: [Synth 8-3331] design DDMTD_Sampler has unconnected port WORDS_TO_SEND[29]
WARNING: [Synth 8-3331] design DDMTD_Sampler has unconnected port WORDS_TO_SEND[28]
WARNING: [Synth 8-3331] design DDMTD_Sampler has unconnected port WORDS_TO_SEND[27]
WARNING: [Synth 8-3331] design DDMTD_Sampler has unconnected port WORDS_TO_SEND[26]
WARNING: [Synth 8-3331] design DDMTD_Sampler has unconnected port WORDS_TO_SEND[25]
WARNING: [Synth 8-3331] design DDMTD_Sampler has unconnected port WORDS_TO_SEND[24]
WARNING: [Synth 8-3331] design DDMTD_Sampler has unconnected port WORDS_TO_SEND[23]
WARNING: [Synth 8-3331] design DDMTD_Sampler has unconnected port WORDS_TO_SEND[22]
WARNING: [Synth 8-3331] design DDMTD_Sampler has unconnected port WORDS_TO_SEND[21]
WARNING: [Synth 8-3331] design DDMTD_Sampler has unconnected port WORDS_TO_SEND[20]
WARNING: [Synth 8-3331] design DDMTD_Sampler has unconnected port WORDS_TO_SEND[19]
WARNING: [Synth 8-3331] design DDMTD_Sampler has unconnected port WORDS_TO_SEND[18]
WARNING: [Synth 8-3331] design DDMTD_Sampler has unconnected port WORDS_TO_SEND[17]
WARNING: [Synth 8-3331] design DDMTD_Sampler has unconnected port WORDS_TO_SEND[16]
WARNING: [Synth 8-3331] design DDMTD_Sampler has unconnected port WORDS_TO_SEND[15]
WARNING: [Synth 8-3331] design DDMTD_Sampler has unconnected port WORDS_TO_SEND[14]
WARNING: [Synth 8-3331] design DDMTD_Sampler has unconnected port WORDS_TO_SEND[13]
WARNING: [Synth 8-3331] design DDMTD_Sampler has unconnected port WORDS_TO_SEND[12]
WARNING: [Synth 8-3331] design DDMTD_Sampler has unconnected port WORDS_TO_SEND[11]
WARNING: [Synth 8-3331] design DDMTD_Sampler has unconnected port WORDS_TO_SEND[10]
WARNING: [Synth 8-3331] design DDMTD_Sampler has unconnected port WORDS_TO_SEND[9]
WARNING: [Synth 8-3331] design DDMTD_Sampler has unconnected port WORDS_TO_SEND[8]
WARNING: [Synth 8-3331] design DDMTD_Sampler has unconnected port WORDS_TO_SEND[7]
WARNING: [Synth 8-3331] design DDMTD_Sampler has unconnected port WORDS_TO_SEND[6]
WARNING: [Synth 8-3331] design DDMTD_Sampler has unconnected port WORDS_TO_SEND[5]
WARNING: [Synth 8-3331] design DDMTD_Sampler has unconnected port WORDS_TO_SEND[4]
WARNING: [Synth 8-3331] design DDMTD_Sampler has unconnected port WORDS_TO_SEND[3]
WARNING: [Synth 8-3331] design DDMTD_Sampler has unconnected port WORDS_TO_SEND[2]
WARNING: [Synth 8-3331] design DDMTD_Sampler has unconnected port WORDS_TO_SEND[1]
WARNING: [Synth 8-3331] design DDMTD_Sampler has unconnected port WORDS_TO_SEND[0]
---------------------------------------------------------------------------------
Finished RTL Elaboration : Time (s): cpu = 00:00:09 ; elapsed = 00:00:10 . Memory (MB): peak = 4875.453 ; gain = 0.000
---------------------------------------------------------------------------------

Report Check Netlist: 
+------+------------------+-------+---------+-------+------------------+
|      |Item              |Errors |Warnings |Status |Description       |
+------+------------------+-------+---------+-------+------------------+
|1     |multi_driven_nets |      0|        0|Passed |Multi driven nets |
+------+------------------+-------+---------+-------+------------------+
---------------------------------------------------------------------------------
Start Handling Custom Attributes
---------------------------------------------------------------------------------
---------------------------------------------------------------------------------
Finished Handling Custom Attributes : Time (s): cpu = 00:00:10 ; elapsed = 00:00:11 . Memory (MB): peak = 4875.453 ; gain = 0.000
---------------------------------------------------------------------------------
---------------------------------------------------------------------------------
Finished RTL Optimization Phase 1 : Time (s): cpu = 00:00:10 ; elapsed = 00:00:11 . Memory (MB): peak = 4875.453 ; gain = 0.000
---------------------------------------------------------------------------------
INFO: [Project 1-454] Reading design checkpoint 'c:/Users/naika/Documents/GitHub/dcps_ddmtd_toolkit/firmware/firmware_DCPS/project_2_bram.srcs/sources_1/ip/FIFO_10/FIFO_10.dcp' for cell 'DDMTD_Array_inst/ddmtd_inst[0].DDMTD_i/FIFO_10_inst'
INFO: [Project 1-454] Reading design checkpoint 'c:/Users/naika/Documents/GitHub/dcps_ddmtd_toolkit/firmware/firmware_DCPS/project_2_bram.srcs/sources_1/bd/design_1/ip/design_1_axi_bram_ctrl_0_11/design_1_axi_bram_ctrl_0_11.dcp' for cell 'desing_ins/design_1_i/axi_bram_ctrl_0'
INFO: [Project 1-454] Reading design checkpoint 'c:/Users/naika/Documents/GitHub/dcps_ddmtd_toolkit/firmware/firmware_DCPS/project_2_bram.srcs/sources_1/bd/design_1/ip/design_1_axi_bram_ctrl_0_bram_7/design_1_axi_bram_ctrl_0_bram_7.dcp' for cell 'desing_ins/design_1_i/axi_bram_ctrl_0_bram'
INFO: [Project 1-454] Reading design checkpoint 'c:/Users/naika/Documents/GitHub/dcps_ddmtd_toolkit/firmware/firmware_DCPS/project_2_bram.srcs/sources_1/bd/design_1/ip/design_1_axi_bram_ctrl_0_bram_8/design_1_axi_bram_ctrl_0_bram_8.dcp' for cell 'desing_ins/design_1_i/axi_bram_ctrl_0_bram1'
INFO: [Project 1-454] Reading design checkpoint 'c:/Users/naika/Documents/GitHub/dcps_ddmtd_toolkit/firmware/firmware_DCPS/project_2_bram.srcs/sources_1/bd/design_1/ip/design_1_axi_bram_ctrl_0_bram1_0/design_1_axi_bram_ctrl_0_bram1_0.dcp' for cell 'desing_ins/design_1_i/axi_bram_ctrl_0_bram2'
INFO: [Project 1-454] Reading design checkpoint 'c:/Users/naika/Documents/GitHub/dcps_ddmtd_toolkit/firmware/firmware_DCPS/project_2_bram.srcs/sources_1/bd/design_1/ip/design_1_axi_bram_ctrl_0_12/design_1_axi_bram_ctrl_0_12.dcp' for cell 'desing_ins/design_1_i/axi_bram_ctrl_1'
INFO: [Project 1-454] Reading design checkpoint 'c:/Users/naika/Documents/GitHub/dcps_ddmtd_toolkit/firmware/firmware_DCPS/project_2_bram.srcs/sources_1/bd/design_1/ip/design_1_axi_bram_ctrl_1_0/design_1_axi_bram_ctrl_1_0.dcp' for cell 'desing_ins/design_1_i/axi_bram_ctrl_2'
INFO: [Project 1-454] Reading design checkpoint 'c:/Users/naika/Documents/GitHub/dcps_ddmtd_toolkit/firmware/firmware_DCPS/project_2_bram.srcs/sources_1/bd/design_1/ip/design_1_axi_gpio_0_0/design_1_axi_gpio_0_0.dcp' for cell 'desing_ins/design_1_i/axi_gpio_0'
INFO: [Project 1-454] Reading design checkpoint 'c:/Users/naika/Documents/GitHub/dcps_ddmtd_toolkit/firmware/firmware_DCPS/project_2_bram.srcs/sources_1/bd/design_1/ip/design_1_axi_smc_1/design_1_axi_smc_1.dcp' for cell 'desing_ins/design_1_i/axi_smc'
INFO: [Project 1-454] Reading design checkpoint 'c:/Users/naika/Documents/GitHub/dcps_ddmtd_toolkit/firmware/firmware_DCPS/project_2_bram.srcs/sources_1/bd/design_1/ip/design_1_rst_ps8_0_200M_0/design_1_rst_ps8_0_200M_0.dcp' for cell 'desing_ins/design_1_i/rst_ps8_0_200M'
INFO: [Project 1-454] Reading design checkpoint 'c:/Users/naika/Documents/GitHub/dcps_ddmtd_toolkit/firmware/firmware_DCPS/project_2_bram.srcs/sources_1/bd/design_1/ip/design_1_zynq_ultra_ps_e_0_1/design_1_zynq_ultra_ps_e_0_1.dcp' for cell 'desing_ins/design_1_i/zynq_ultra_ps_e_0'
Netlist sorting complete. Time (s): cpu = 00:00:03 ; elapsed = 00:00:03 . Memory (MB): peak = 4875.453 ; gain = 0.000
INFO: [Netlist 29-17] Analyzing 445 Unisim elements for replacement
INFO: [Netlist 29-28] Unisim Transformation completed in 2 CPU seconds
INFO: [Project 1-479] Netlist was created with Vivado 2019.2
INFO: [Project 1-570] Preparing netlist for logic optimization
INFO: [Opt 31-140] Inserted 7 IBUFs to IO ports without IO buffers.

Processing XDC Constraints
Initializing timing engine
Parsing XDC File [c:/Users/naika/Documents/GitHub/dcps_ddmtd_toolkit/firmware/firmware_DCPS/project_2_bram.srcs/sources_1/bd/design_1/ip/design_1_zynq_ultra_ps_e_0_1/design_1_zynq_ultra_ps_e_0_1.xdc] for cell 'desing_ins/design_1_i/zynq_ultra_ps_e_0/inst'
create_clock: Time (s): cpu = 00:00:05 ; elapsed = 00:00:06 . Memory (MB): peak = 4921.707 ; gain = 46.254
Finished Parsing XDC File [c:/Users/naika/Documents/GitHub/dcps_ddmtd_toolkit/firmware/firmware_DCPS/project_2_bram.srcs/sources_1/bd/design_1/ip/design_1_zynq_ultra_ps_e_0_1/design_1_zynq_ultra_ps_e_0_1.xdc] for cell 'desing_ins/design_1_i/zynq_ultra_ps_e_0/inst'
Parsing XDC File [c:/Users/naika/Documents/GitHub/dcps_ddmtd_toolkit/firmware/firmware_DCPS/project_2_bram.srcs/sources_1/bd/design_1/ip/design_1_axi_smc_1/bd_0/ip/ip_1/bd_6f02_psr_aclk_0_board.xdc] for cell 'desing_ins/design_1_i/axi_smc/inst/clk_map/psr_aclk/U0'
Finished Parsing XDC File [c:/Users/naika/Documents/GitHub/dcps_ddmtd_toolkit/firmware/firmware_DCPS/project_2_bram.srcs/sources_1/bd/design_1/ip/design_1_axi_smc_1/bd_0/ip/ip_1/bd_6f02_psr_aclk_0_board.xdc] for cell 'desing_ins/design_1_i/axi_smc/inst/clk_map/psr_aclk/U0'
Parsing XDC File [c:/Users/naika/Documents/GitHub/dcps_ddmtd_toolkit/firmware/firmware_DCPS/project_2_bram.srcs/sources_1/bd/design_1/ip/design_1_axi_smc_1/bd_0/ip/ip_1/bd_6f02_psr_aclk_0.xdc] for cell 'desing_ins/design_1_i/axi_smc/inst/clk_map/psr_aclk/U0'
Finished Parsing XDC File [c:/Users/naika/Documents/GitHub/dcps_ddmtd_toolkit/firmware/firmware_DCPS/project_2_bram.srcs/sources_1/bd/design_1/ip/design_1_axi_smc_1/bd_0/ip/ip_1/bd_6f02_psr_aclk_0.xdc] for cell 'desing_ins/design_1_i/axi_smc/inst/clk_map/psr_aclk/U0'
Parsing XDC File [c:/Users/naika/Documents/GitHub/dcps_ddmtd_toolkit/firmware/firmware_DCPS/project_2_bram.srcs/sources_1/bd/design_1/ip/design_1_rst_ps8_0_200M_0/design_1_rst_ps8_0_200M_0_board.xdc] for cell 'desing_ins/design_1_i/rst_ps8_0_200M/U0'
Finished Parsing XDC File [c:/Users/naika/Documents/GitHub/dcps_ddmtd_toolkit/firmware/firmware_DCPS/project_2_bram.srcs/sources_1/bd/design_1/ip/design_1_rst_ps8_0_200M_0/design_1_rst_ps8_0_200M_0_board.xdc] for cell 'desing_ins/design_1_i/rst_ps8_0_200M/U0'
Parsing XDC File [c:/Users/naika/Documents/GitHub/dcps_ddmtd_toolkit/firmware/firmware_DCPS/project_2_bram.srcs/sources_1/bd/design_1/ip/design_1_rst_ps8_0_200M_0/design_1_rst_ps8_0_200M_0.xdc] for cell 'desing_ins/design_1_i/rst_ps8_0_200M/U0'
Finished Parsing XDC File [c:/Users/naika/Documents/GitHub/dcps_ddmtd_toolkit/firmware/firmware_DCPS/project_2_bram.srcs/sources_1/bd/design_1/ip/design_1_rst_ps8_0_200M_0/design_1_rst_ps8_0_200M_0.xdc] for cell 'desing_ins/design_1_i/rst_ps8_0_200M/U0'
Parsing XDC File [c:/Users/naika/Documents/GitHub/dcps_ddmtd_toolkit/firmware/firmware_DCPS/project_2_bram.srcs/sources_1/bd/design_1/ip/design_1_axi_gpio_0_0/design_1_axi_gpio_0_0_board.xdc] for cell 'desing_ins/design_1_i/axi_gpio_0/U0'
Finished Parsing XDC File [c:/Users/naika/Documents/GitHub/dcps_ddmtd_toolkit/firmware/firmware_DCPS/project_2_bram.srcs/sources_1/bd/design_1/ip/design_1_axi_gpio_0_0/design_1_axi_gpio_0_0_board.xdc] for cell 'desing_ins/design_1_i/axi_gpio_0/U0'
Parsing XDC File [c:/Users/naika/Documents/GitHub/dcps_ddmtd_toolkit/firmware/firmware_DCPS/project_2_bram.srcs/sources_1/bd/design_1/ip/design_1_axi_gpio_0_0/design_1_axi_gpio_0_0.xdc] for cell 'desing_ins/design_1_i/axi_gpio_0/U0'
Finished Parsing XDC File [c:/Users/naika/Documents/GitHub/dcps_ddmtd_toolkit/firmware/firmware_DCPS/project_2_bram.srcs/sources_1/bd/design_1/ip/design_1_axi_gpio_0_0/design_1_axi_gpio_0_0.xdc] for cell 'desing_ins/design_1_i/axi_gpio_0/U0'
Parsing XDC File [c:/Users/naika/Documents/GitHub/dcps_ddmtd_toolkit/firmware/firmware_DCPS/project_2_bram.srcs/sources_1/ip/FIFO_10/FIFO_10.xdc] for cell 'DDMTD_Array_inst/ddmtd_inst[0].DDMTD_i/FIFO_10_inst/U0'
Finished Parsing XDC File [c:/Users/naika/Documents/GitHub/dcps_ddmtd_toolkit/firmware/firmware_DCPS/project_2_bram.srcs/sources_1/ip/FIFO_10/FIFO_10.xdc] for cell 'DDMTD_Array_inst/ddmtd_inst[0].DDMTD_i/FIFO_10_inst/U0'
Parsing XDC File [c:/Users/naika/Documents/GitHub/dcps_ddmtd_toolkit/firmware/firmware_DCPS/project_2_bram.srcs/sources_1/ip/FIFO_10/FIFO_10.xdc] for cell 'DDMTD_Array_inst/ddmtd_inst[10].DDMTD_i/FIFO_10_inst/U0'
Finished Parsing XDC File [c:/Users/naika/Documents/GitHub/dcps_ddmtd_toolkit/firmware/firmware_DCPS/project_2_bram.srcs/sources_1/ip/FIFO_10/FIFO_10.xdc] for cell 'DDMTD_Array_inst/ddmtd_inst[10].DDMTD_i/FIFO_10_inst/U0'
Parsing XDC File [c:/Users/naika/Documents/GitHub/dcps_ddmtd_toolkit/firmware/firmware_DCPS/project_2_bram.srcs/sources_1/ip/FIFO_10/FIFO_10.xdc] for cell 'DDMTD_Array_inst/ddmtd_inst[11].DDMTD_i/FIFO_10_inst/U0'
Finished Parsing XDC File [c:/Users/naika/Documents/GitHub/dcps_ddmtd_toolkit/firmware/firmware_DCPS/project_2_bram.srcs/sources_1/ip/FIFO_10/FIFO_10.xdc] for cell 'DDMTD_Array_inst/ddmtd_inst[11].DDMTD_i/FIFO_10_inst/U0'
Parsing XDC File [c:/Users/naika/Documents/GitHub/dcps_ddmtd_toolkit/firmware/firmware_DCPS/project_2_bram.srcs/sources_1/ip/FIFO_10/FIFO_10.xdc] for cell 'DDMTD_Array_inst/ddmtd_inst[12].DDMTD_i/FIFO_10_inst/U0'
Finished Parsing XDC File [c:/Users/naika/Documents/GitHub/dcps_ddmtd_toolkit/firmware/firmware_DCPS/project_2_bram.srcs/sources_1/ip/FIFO_10/FIFO_10.xdc] for cell 'DDMTD_Array_inst/ddmtd_inst[12].DDMTD_i/FIFO_10_inst/U0'
Parsing XDC File [c:/Users/naika/Documents/GitHub/dcps_ddmtd_toolkit/firmware/firmware_DCPS/project_2_bram.srcs/sources_1/ip/FIFO_10/FIFO_10.xdc] for cell 'DDMTD_Array_inst/ddmtd_inst[13].DDMTD_i/FIFO_10_inst/U0'
Finished Parsing XDC File [c:/Users/naika/Documents/GitHub/dcps_ddmtd_toolkit/firmware/firmware_DCPS/project_2_bram.srcs/sources_1/ip/FIFO_10/FIFO_10.xdc] for cell 'DDMTD_Array_inst/ddmtd_inst[13].DDMTD_i/FIFO_10_inst/U0'
Parsing XDC File [c:/Users/naika/Documents/GitHub/dcps_ddmtd_toolkit/firmware/firmware_DCPS/project_2_bram.srcs/sources_1/ip/FIFO_10/FIFO_10.xdc] for cell 'DDMTD_Array_inst/ddmtd_inst[14].DDMTD_i/FIFO_10_inst/U0'
Finished Parsing XDC File [c:/Users/naika/Documents/GitHub/dcps_ddmtd_toolkit/firmware/firmware_DCPS/project_2_bram.srcs/sources_1/ip/FIFO_10/FIFO_10.xdc] for cell 'DDMTD_Array_inst/ddmtd_inst[14].DDMTD_i/FIFO_10_inst/U0'
Parsing XDC File [c:/Users/naika/Documents/GitHub/dcps_ddmtd_toolkit/firmware/firmware_DCPS/project_2_bram.srcs/sources_1/ip/FIFO_10/FIFO_10.xdc] for cell 'DDMTD_Array_inst/ddmtd_inst[15].DDMTD_i/FIFO_10_inst/U0'
Finished Parsing XDC File [c:/Users/naika/Documents/GitHub/dcps_ddmtd_toolkit/firmware/firmware_DCPS/project_2_bram.srcs/sources_1/ip/FIFO_10/FIFO_10.xdc] for cell 'DDMTD_Array_inst/ddmtd_inst[15].DDMTD_i/FIFO_10_inst/U0'
Parsing XDC File [c:/Users/naika/Documents/GitHub/dcps_ddmtd_toolkit/firmware/firmware_DCPS/project_2_bram.srcs/sources_1/ip/FIFO_10/FIFO_10.xdc] for cell 'DDMTD_Array_inst/ddmtd_inst[16].DDMTD_i/FIFO_10_inst/U0'
Finished Parsing XDC File [c:/Users/naika/Documents/GitHub/dcps_ddmtd_toolkit/firmware/firmware_DCPS/project_2_bram.srcs/sources_1/ip/FIFO_10/FIFO_10.xdc] for cell 'DDMTD_Array_inst/ddmtd_inst[16].DDMTD_i/FIFO_10_inst/U0'
Parsing XDC File [c:/Users/naika/Documents/GitHub/dcps_ddmtd_toolkit/firmware/firmware_DCPS/project_2_bram.srcs/sources_1/ip/FIFO_10/FIFO_10.xdc] for cell 'DDMTD_Array_inst/ddmtd_inst[17].DDMTD_i/FIFO_10_inst/U0'
Finished Parsing XDC File [c:/Users/naika/Documents/GitHub/dcps_ddmtd_toolkit/firmware/firmware_DCPS/project_2_bram.srcs/sources_1/ip/FIFO_10/FIFO_10.xdc] for cell 'DDMTD_Array_inst/ddmtd_inst[17].DDMTD_i/FIFO_10_inst/U0'
Parsing XDC File [c:/Users/naika/Documents/GitHub/dcps_ddmtd_toolkit/firmware/firmware_DCPS/project_2_bram.srcs/sources_1/ip/FIFO_10/FIFO_10.xdc] for cell 'DDMTD_Array_inst/ddmtd_inst[18].DDMTD_i/FIFO_10_inst/U0'
Finished Parsing XDC File [c:/Users/naika/Documents/GitHub/dcps_ddmtd_toolkit/firmware/firmware_DCPS/project_2_bram.srcs/sources_1/ip/FIFO_10/FIFO_10.xdc] for cell 'DDMTD_Array_inst/ddmtd_inst[18].DDMTD_i/FIFO_10_inst/U0'
Parsing XDC File [c:/Users/naika/Documents/GitHub/dcps_ddmtd_toolkit/firmware/firmware_DCPS/project_2_bram.srcs/sources_1/ip/FIFO_10/FIFO_10.xdc] for cell 'DDMTD_Array_inst/ddmtd_inst[19].DDMTD_i/FIFO_10_inst/U0'
Finished Parsing XDC File [c:/Users/naika/Documents/GitHub/dcps_ddmtd_toolkit/firmware/firmware_DCPS/project_2_bram.srcs/sources_1/ip/FIFO_10/FIFO_10.xdc] for cell 'DDMTD_Array_inst/ddmtd_inst[19].DDMTD_i/FIFO_10_inst/U0'
Parsing XDC File [c:/Users/naika/Documents/GitHub/dcps_ddmtd_toolkit/firmware/firmware_DCPS/project_2_bram.srcs/sources_1/ip/FIFO_10/FIFO_10.xdc] for cell 'DDMTD_Array_inst/ddmtd_inst[1].DDMTD_i/FIFO_10_inst/U0'
Finished Parsing XDC File [c:/Users/naika/Documents/GitHub/dcps_ddmtd_toolkit/firmware/firmware_DCPS/project_2_bram.srcs/sources_1/ip/FIFO_10/FIFO_10.xdc] for cell 'DDMTD_Array_inst/ddmtd_inst[1].DDMTD_i/FIFO_10_inst/U0'
Parsing XDC File [c:/Users/naika/Documents/GitHub/dcps_ddmtd_toolkit/firmware/firmware_DCPS/project_2_bram.srcs/sources_1/ip/FIFO_10/FIFO_10.xdc] for cell 'DDMTD_Array_inst/ddmtd_inst[20].DDMTD_i/FIFO_10_inst/U0'
Finished Parsing XDC File [c:/Users/naika/Documents/GitHub/dcps_ddmtd_toolkit/firmware/firmware_DCPS/project_2_bram.srcs/sources_1/ip/FIFO_10/FIFO_10.xdc] for cell 'DDMTD_Array_inst/ddmtd_inst[20].DDMTD_i/FIFO_10_inst/U0'
Parsing XDC File [c:/Users/naika/Documents/GitHub/dcps_ddmtd_toolkit/firmware/firmware_DCPS/project_2_bram.srcs/sources_1/ip/FIFO_10/FIFO_10.xdc] for cell 'DDMTD_Array_inst/ddmtd_inst[21].DDMTD_i/FIFO_10_inst/U0'
Finished Parsing XDC File [c:/Users/naika/Documents/GitHub/dcps_ddmtd_toolkit/firmware/firmware_DCPS/project_2_bram.srcs/sources_1/ip/FIFO_10/FIFO_10.xdc] for cell 'DDMTD_Array_inst/ddmtd_inst[21].DDMTD_i/FIFO_10_inst/U0'
Parsing XDC File [c:/Users/naika/Documents/GitHub/dcps_ddmtd_toolkit/firmware/firmware_DCPS/project_2_bram.srcs/sources_1/ip/FIFO_10/FIFO_10.xdc] for cell 'DDMTD_Array_inst/ddmtd_inst[22].DDMTD_i/FIFO_10_inst/U0'
Finished Parsing XDC File [c:/Users/naika/Documents/GitHub/dcps_ddmtd_toolkit/firmware/firmware_DCPS/project_2_bram.srcs/sources_1/ip/FIFO_10/FIFO_10.xdc] for cell 'DDMTD_Array_inst/ddmtd_inst[22].DDMTD_i/FIFO_10_inst/U0'
Parsing XDC File [c:/Users/naika/Documents/GitHub/dcps_ddmtd_toolkit/firmware/firmware_DCPS/project_2_bram.srcs/sources_1/ip/FIFO_10/FIFO_10.xdc] for cell 'DDMTD_Array_inst/ddmtd_inst[23].DDMTD_i/FIFO_10_inst/U0'
Finished Parsing XDC File [c:/Users/naika/Documents/GitHub/dcps_ddmtd_toolkit/firmware/firmware_DCPS/project_2_bram.srcs/sources_1/ip/FIFO_10/FIFO_10.xdc] for cell 'DDMTD_Array_inst/ddmtd_inst[23].DDMTD_i/FIFO_10_inst/U0'
Parsing XDC File [c:/Users/naika/Documents/GitHub/dcps_ddmtd_toolkit/firmware/firmware_DCPS/project_2_bram.srcs/sources_1/ip/FIFO_10/FIFO_10.xdc] for cell 'DDMTD_Array_inst/ddmtd_inst[2].DDMTD_i/FIFO_10_inst/U0'
Finished Parsing XDC File [c:/Users/naika/Documents/GitHub/dcps_ddmtd_toolkit/firmware/firmware_DCPS/project_2_bram.srcs/sources_1/ip/FIFO_10/FIFO_10.xdc] for cell 'DDMTD_Array_inst/ddmtd_inst[2].DDMTD_i/FIFO_10_inst/U0'
Parsing XDC File [c:/Users/naika/Documents/GitHub/dcps_ddmtd_toolkit/firmware/firmware_DCPS/project_2_bram.srcs/sources_1/ip/FIFO_10/FIFO_10.xdc] for cell 'DDMTD_Array_inst/ddmtd_inst[3].DDMTD_i/FIFO_10_inst/U0'
Finished Parsing XDC File [c:/Users/naika/Documents/GitHub/dcps_ddmtd_toolkit/firmware/firmware_DCPS/project_2_bram.srcs/sources_1/ip/FIFO_10/FIFO_10.xdc] for cell 'DDMTD_Array_inst/ddmtd_inst[3].DDMTD_i/FIFO_10_inst/U0'
Parsing XDC File [c:/Users/naika/Documents/GitHub/dcps_ddmtd_toolkit/firmware/firmware_DCPS/project_2_bram.srcs/sources_1/ip/FIFO_10/FIFO_10.xdc] for cell 'DDMTD_Array_inst/ddmtd_inst[4].DDMTD_i/FIFO_10_inst/U0'
Finished Parsing XDC File [c:/Users/naika/Documents/GitHub/dcps_ddmtd_toolkit/firmware/firmware_DCPS/project_2_bram.srcs/sources_1/ip/FIFO_10/FIFO_10.xdc] for cell 'DDMTD_Array_inst/ddmtd_inst[4].DDMTD_i/FIFO_10_inst/U0'
Parsing XDC File [c:/Users/naika/Documents/GitHub/dcps_ddmtd_toolkit/firmware/firmware_DCPS/project_2_bram.srcs/sources_1/ip/FIFO_10/FIFO_10.xdc] for cell 'DDMTD_Array_inst/ddmtd_inst[5].DDMTD_i/FIFO_10_inst/U0'
Finished Parsing XDC File [c:/Users/naika/Documents/GitHub/dcps_ddmtd_toolkit/firmware/firmware_DCPS/project_2_bram.srcs/sources_1/ip/FIFO_10/FIFO_10.xdc] for cell 'DDMTD_Array_inst/ddmtd_inst[5].DDMTD_i/FIFO_10_inst/U0'
Parsing XDC File [c:/Users/naika/Documents/GitHub/dcps_ddmtd_toolkit/firmware/firmware_DCPS/project_2_bram.srcs/sources_1/ip/FIFO_10/FIFO_10.xdc] for cell 'DDMTD_Array_inst/ddmtd_inst[6].DDMTD_i/FIFO_10_inst/U0'
Finished Parsing XDC File [c:/Users/naika/Documents/GitHub/dcps_ddmtd_toolkit/firmware/firmware_DCPS/project_2_bram.srcs/sources_1/ip/FIFO_10/FIFO_10.xdc] for cell 'DDMTD_Array_inst/ddmtd_inst[6].DDMTD_i/FIFO_10_inst/U0'
Parsing XDC File [c:/Users/naika/Documents/GitHub/dcps_ddmtd_toolkit/firmware/firmware_DCPS/project_2_bram.srcs/sources_1/ip/FIFO_10/FIFO_10.xdc] for cell 'DDMTD_Array_inst/ddmtd_inst[7].DDMTD_i/FIFO_10_inst/U0'
Finished Parsing XDC File [c:/Users/naika/Documents/GitHub/dcps_ddmtd_toolkit/firmware/firmware_DCPS/project_2_bram.srcs/sources_1/ip/FIFO_10/FIFO_10.xdc] for cell 'DDMTD_Array_inst/ddmtd_inst[7].DDMTD_i/FIFO_10_inst/U0'
Parsing XDC File [c:/Users/naika/Documents/GitHub/dcps_ddmtd_toolkit/firmware/firmware_DCPS/project_2_bram.srcs/sources_1/ip/FIFO_10/FIFO_10.xdc] for cell 'DDMTD_Array_inst/ddmtd_inst[8].DDMTD_i/FIFO_10_inst/U0'
Finished Parsing XDC File [c:/Users/naika/Documents/GitHub/dcps_ddmtd_toolkit/firmware/firmware_DCPS/project_2_bram.srcs/sources_1/ip/FIFO_10/FIFO_10.xdc] for cell 'DDMTD_Array_inst/ddmtd_inst[8].DDMTD_i/FIFO_10_inst/U0'
Parsing XDC File [c:/Users/naika/Documents/GitHub/dcps_ddmtd_toolkit/firmware/firmware_DCPS/project_2_bram.srcs/sources_1/ip/FIFO_10/FIFO_10.xdc] for cell 'DDMTD_Array_inst/ddmtd_inst[9].DDMTD_i/FIFO_10_inst/U0'
Finished Parsing XDC File [c:/Users/naika/Documents/GitHub/dcps_ddmtd_toolkit/firmware/firmware_DCPS/project_2_bram.srcs/sources_1/ip/FIFO_10/FIFO_10.xdc] for cell 'DDMTD_Array_inst/ddmtd_inst[9].DDMTD_i/FIFO_10_inst/U0'
Parsing XDC File [C:/Users/naika/Documents/GitHub/dcps_ddmtd_toolkit/firmware/firmware_DCPS/project_2_bram.srcs/constrs_1/imports/new/main.xdc]
WARNING: [Vivado 12-2489] -waveform contains time 1.562500 which will be rounded to 1.563 to ensure it is an integer multiple of 1 picosecond [C:/Users/naika/Documents/GitHub/dcps_ddmtd_toolkit/firmware/firmware_DCPS/project_2_bram.srcs/constrs_1/imports/new/main.xdc:300]
Finished Parsing XDC File [C:/Users/naika/Documents/GitHub/dcps_ddmtd_toolkit/firmware/firmware_DCPS/project_2_bram.srcs/constrs_1/imports/new/main.xdc]
Parsing XDC File [c:/Users/naika/Documents/GitHub/dcps_ddmtd_toolkit/firmware/firmware_DCPS/project_2_bram.srcs/sources_1/ip/FIFO_10/FIFO_10_clocks.xdc] for cell 'DDMTD_Array_inst/ddmtd_inst[0].DDMTD_i/FIFO_10_inst/U0'
Finished Parsing XDC File [c:/Users/naika/Documents/GitHub/dcps_ddmtd_toolkit/firmware/firmware_DCPS/project_2_bram.srcs/sources_1/ip/FIFO_10/FIFO_10_clocks.xdc] for cell 'DDMTD_Array_inst/ddmtd_inst[0].DDMTD_i/FIFO_10_inst/U0'
Parsing XDC File [c:/Users/naika/Documents/GitHub/dcps_ddmtd_toolkit/firmware/firmware_DCPS/project_2_bram.srcs/sources_1/ip/FIFO_10/FIFO_10_clocks.xdc] for cell 'DDMTD_Array_inst/ddmtd_inst[10].DDMTD_i/FIFO_10_inst/U0'
Finished Parsing XDC File [c:/Users/naika/Documents/GitHub/dcps_ddmtd_toolkit/firmware/firmware_DCPS/project_2_bram.srcs/sources_1/ip/FIFO_10/FIFO_10_clocks.xdc] for cell 'DDMTD_Array_inst/ddmtd_inst[10].DDMTD_i/FIFO_10_inst/U0'
Parsing XDC File [c:/Users/naika/Documents/GitHub/dcps_ddmtd_toolkit/firmware/firmware_DCPS/project_2_bram.srcs/sources_1/ip/FIFO_10/FIFO_10_clocks.xdc] for cell 'DDMTD_Array_inst/ddmtd_inst[11].DDMTD_i/FIFO_10_inst/U0'
Finished Parsing XDC File [c:/Users/naika/Documents/GitHub/dcps_ddmtd_toolkit/firmware/firmware_DCPS/project_2_bram.srcs/sources_1/ip/FIFO_10/FIFO_10_clocks.xdc] for cell 'DDMTD_Array_inst/ddmtd_inst[11].DDMTD_i/FIFO_10_inst/U0'
Parsing XDC File [c:/Users/naika/Documents/GitHub/dcps_ddmtd_toolkit/firmware/firmware_DCPS/project_2_bram.srcs/sources_1/ip/FIFO_10/FIFO_10_clocks.xdc] for cell 'DDMTD_Array_inst/ddmtd_inst[12].DDMTD_i/FIFO_10_inst/U0'
Finished Parsing XDC File [c:/Users/naika/Documents/GitHub/dcps_ddmtd_toolkit/firmware/firmware_DCPS/project_2_bram.srcs/sources_1/ip/FIFO_10/FIFO_10_clocks.xdc] for cell 'DDMTD_Array_inst/ddmtd_inst[12].DDMTD_i/FIFO_10_inst/U0'
Parsing XDC File [c:/Users/naika/Documents/GitHub/dcps_ddmtd_toolkit/firmware/firmware_DCPS/project_2_bram.srcs/sources_1/ip/FIFO_10/FIFO_10_clocks.xdc] for cell 'DDMTD_Array_inst/ddmtd_inst[13].DDMTD_i/FIFO_10_inst/U0'
Finished Parsing XDC File [c:/Users/naika/Documents/GitHub/dcps_ddmtd_toolkit/firmware/firmware_DCPS/project_2_bram.srcs/sources_1/ip/FIFO_10/FIFO_10_clocks.xdc] for cell 'DDMTD_Array_inst/ddmtd_inst[13].DDMTD_i/FIFO_10_inst/U0'
Parsing XDC File [c:/Users/naika/Documents/GitHub/dcps_ddmtd_toolkit/firmware/firmware_DCPS/project_2_bram.srcs/sources_1/ip/FIFO_10/FIFO_10_clocks.xdc] for cell 'DDMTD_Array_inst/ddmtd_inst[14].DDMTD_i/FIFO_10_inst/U0'
Finished Parsing XDC File [c:/Users/naika/Documents/GitHub/dcps_ddmtd_toolkit/firmware/firmware_DCPS/project_2_bram.srcs/sources_1/ip/FIFO_10/FIFO_10_clocks.xdc] for cell 'DDMTD_Array_inst/ddmtd_inst[14].DDMTD_i/FIFO_10_inst/U0'
Parsing XDC File [c:/Users/naika/Documents/GitHub/dcps_ddmtd_toolkit/firmware/firmware_DCPS/project_2_bram.srcs/sources_1/ip/FIFO_10/FIFO_10_clocks.xdc] for cell 'DDMTD_Array_inst/ddmtd_inst[15].DDMTD_i/FIFO_10_inst/U0'
Finished Parsing XDC File [c:/Users/naika/Documents/GitHub/dcps_ddmtd_toolkit/firmware/firmware_DCPS/project_2_bram.srcs/sources_1/ip/FIFO_10/FIFO_10_clocks.xdc] for cell 'DDMTD_Array_inst/ddmtd_inst[15].DDMTD_i/FIFO_10_inst/U0'
Parsing XDC File [c:/Users/naika/Documents/GitHub/dcps_ddmtd_toolkit/firmware/firmware_DCPS/project_2_bram.srcs/sources_1/ip/FIFO_10/FIFO_10_clocks.xdc] for cell 'DDMTD_Array_inst/ddmtd_inst[16].DDMTD_i/FIFO_10_inst/U0'
Finished Parsing XDC File [c:/Users/naika/Documents/GitHub/dcps_ddmtd_toolkit/firmware/firmware_DCPS/project_2_bram.srcs/sources_1/ip/FIFO_10/FIFO_10_clocks.xdc] for cell 'DDMTD_Array_inst/ddmtd_inst[16].DDMTD_i/FIFO_10_inst/U0'
Parsing XDC File [c:/Users/naika/Documents/GitHub/dcps_ddmtd_toolkit/firmware/firmware_DCPS/project_2_bram.srcs/sources_1/ip/FIFO_10/FIFO_10_clocks.xdc] for cell 'DDMTD_Array_inst/ddmtd_inst[17].DDMTD_i/FIFO_10_inst/U0'
Finished Parsing XDC File [c:/Users/naika/Documents/GitHub/dcps_ddmtd_toolkit/firmware/firmware_DCPS/project_2_bram.srcs/sources_1/ip/FIFO_10/FIFO_10_clocks.xdc] for cell 'DDMTD_Array_inst/ddmtd_inst[17].DDMTD_i/FIFO_10_inst/U0'
Parsing XDC File [c:/Users/naika/Documents/GitHub/dcps_ddmtd_toolkit/firmware/firmware_DCPS/project_2_bram.srcs/sources_1/ip/FIFO_10/FIFO_10_clocks.xdc] for cell 'DDMTD_Array_inst/ddmtd_inst[18].DDMTD_i/FIFO_10_inst/U0'
Finished Parsing XDC File [c:/Users/naika/Documents/GitHub/dcps_ddmtd_toolkit/firmware/firmware_DCPS/project_2_bram.srcs/sources_1/ip/FIFO_10/FIFO_10_clocks.xdc] for cell 'DDMTD_Array_inst/ddmtd_inst[18].DDMTD_i/FIFO_10_inst/U0'
Parsing XDC File [c:/Users/naika/Documents/GitHub/dcps_ddmtd_toolkit/firmware/firmware_DCPS/project_2_bram.srcs/sources_1/ip/FIFO_10/FIFO_10_clocks.xdc] for cell 'DDMTD_Array_inst/ddmtd_inst[19].DDMTD_i/FIFO_10_inst/U0'
Finished Parsing XDC File [c:/Users/naika/Documents/GitHub/dcps_ddmtd_toolkit/firmware/firmware_DCPS/project_2_bram.srcs/sources_1/ip/FIFO_10/FIFO_10_clocks.xdc] for cell 'DDMTD_Array_inst/ddmtd_inst[19].DDMTD_i/FIFO_10_inst/U0'
Parsing XDC File [c:/Users/naika/Documents/GitHub/dcps_ddmtd_toolkit/firmware/firmware_DCPS/project_2_bram.srcs/sources_1/ip/FIFO_10/FIFO_10_clocks.xdc] for cell 'DDMTD_Array_inst/ddmtd_inst[1].DDMTD_i/FIFO_10_inst/U0'
Finished Parsing XDC File [c:/Users/naika/Documents/GitHub/dcps_ddmtd_toolkit/firmware/firmware_DCPS/project_2_bram.srcs/sources_1/ip/FIFO_10/FIFO_10_clocks.xdc] for cell 'DDMTD_Array_inst/ddmtd_inst[1].DDMTD_i/FIFO_10_inst/U0'
Parsing XDC File [c:/Users/naika/Documents/GitHub/dcps_ddmtd_toolkit/firmware/firmware_DCPS/project_2_bram.srcs/sources_1/ip/FIFO_10/FIFO_10_clocks.xdc] for cell 'DDMTD_Array_inst/ddmtd_inst[20].DDMTD_i/FIFO_10_inst/U0'
Finished Parsing XDC File [c:/Users/naika/Documents/GitHub/dcps_ddmtd_toolkit/firmware/firmware_DCPS/project_2_bram.srcs/sources_1/ip/FIFO_10/FIFO_10_clocks.xdc] for cell 'DDMTD_Array_inst/ddmtd_inst[20].DDMTD_i/FIFO_10_inst/U0'
Parsing XDC File [c:/Users/naika/Documents/GitHub/dcps_ddmtd_toolkit/firmware/firmware_DCPS/project_2_bram.srcs/sources_1/ip/FIFO_10/FIFO_10_clocks.xdc] for cell 'DDMTD_Array_inst/ddmtd_inst[21].DDMTD_i/FIFO_10_inst/U0'
Finished Parsing XDC File [c:/Users/naika/Documents/GitHub/dcps_ddmtd_toolkit/firmware/firmware_DCPS/project_2_bram.srcs/sources_1/ip/FIFO_10/FIFO_10_clocks.xdc] for cell 'DDMTD_Array_inst/ddmtd_inst[21].DDMTD_i/FIFO_10_inst/U0'
Parsing XDC File [c:/Users/naika/Documents/GitHub/dcps_ddmtd_toolkit/firmware/firmware_DCPS/project_2_bram.srcs/sources_1/ip/FIFO_10/FIFO_10_clocks.xdc] for cell 'DDMTD_Array_inst/ddmtd_inst[22].DDMTD_i/FIFO_10_inst/U0'
Finished Parsing XDC File [c:/Users/naika/Documents/GitHub/dcps_ddmtd_toolkit/firmware/firmware_DCPS/project_2_bram.srcs/sources_1/ip/FIFO_10/FIFO_10_clocks.xdc] for cell 'DDMTD_Array_inst/ddmtd_inst[22].DDMTD_i/FIFO_10_inst/U0'
Parsing XDC File [c:/Users/naika/Documents/GitHub/dcps_ddmtd_toolkit/firmware/firmware_DCPS/project_2_bram.srcs/sources_1/ip/FIFO_10/FIFO_10_clocks.xdc] for cell 'DDMTD_Array_inst/ddmtd_inst[23].DDMTD_i/FIFO_10_inst/U0'
Finished Parsing XDC File [c:/Users/naika/Documents/GitHub/dcps_ddmtd_toolkit/firmware/firmware_DCPS/project_2_bram.srcs/sources_1/ip/FIFO_10/FIFO_10_clocks.xdc] for cell 'DDMTD_Array_inst/ddmtd_inst[23].DDMTD_i/FIFO_10_inst/U0'
Parsing XDC File [c:/Users/naika/Documents/GitHub/dcps_ddmtd_toolkit/firmware/firmware_DCPS/project_2_bram.srcs/sources_1/ip/FIFO_10/FIFO_10_clocks.xdc] for cell 'DDMTD_Array_inst/ddmtd_inst[2].DDMTD_i/FIFO_10_inst/U0'
Finished Parsing XDC File [c:/Users/naika/Documents/GitHub/dcps_ddmtd_toolkit/firmware/firmware_DCPS/project_2_bram.srcs/sources_1/ip/FIFO_10/FIFO_10_clocks.xdc] for cell 'DDMTD_Array_inst/ddmtd_inst[2].DDMTD_i/FIFO_10_inst/U0'
Parsing XDC File [c:/Users/naika/Documents/GitHub/dcps_ddmtd_toolkit/firmware/firmware_DCPS/project_2_bram.srcs/sources_1/ip/FIFO_10/FIFO_10_clocks.xdc] for cell 'DDMTD_Array_inst/ddmtd_inst[3].DDMTD_i/FIFO_10_inst/U0'
Finished Parsing XDC File [c:/Users/naika/Documents/GitHub/dcps_ddmtd_toolkit/firmware/firmware_DCPS/project_2_bram.srcs/sources_1/ip/FIFO_10/FIFO_10_clocks.xdc] for cell 'DDMTD_Array_inst/ddmtd_inst[3].DDMTD_i/FIFO_10_inst/U0'
Parsing XDC File [c:/Users/naika/Documents/GitHub/dcps_ddmtd_toolkit/firmware/firmware_DCPS/project_2_bram.srcs/sources_1/ip/FIFO_10/FIFO_10_clocks.xdc] for cell 'DDMTD_Array_inst/ddmtd_inst[4].DDMTD_i/FIFO_10_inst/U0'
Finished Parsing XDC File [c:/Users/naika/Documents/GitHub/dcps_ddmtd_toolkit/firmware/firmware_DCPS/project_2_bram.srcs/sources_1/ip/FIFO_10/FIFO_10_clocks.xdc] for cell 'DDMTD_Array_inst/ddmtd_inst[4].DDMTD_i/FIFO_10_inst/U0'
Parsing XDC File [c:/Users/naika/Documents/GitHub/dcps_ddmtd_toolkit/firmware/firmware_DCPS/project_2_bram.srcs/sources_1/ip/FIFO_10/FIFO_10_clocks.xdc] for cell 'DDMTD_Array_inst/ddmtd_inst[5].DDMTD_i/FIFO_10_inst/U0'
Finished Parsing XDC File [c:/Users/naika/Documents/GitHub/dcps_ddmtd_toolkit/firmware/firmware_DCPS/project_2_bram.srcs/sources_1/ip/FIFO_10/FIFO_10_clocks.xdc] for cell 'DDMTD_Array_inst/ddmtd_inst[5].DDMTD_i/FIFO_10_inst/U0'
Parsing XDC File [c:/Users/naika/Documents/GitHub/dcps_ddmtd_toolkit/firmware/firmware_DCPS/project_2_bram.srcs/sources_1/ip/FIFO_10/FIFO_10_clocks.xdc] for cell 'DDMTD_Array_inst/ddmtd_inst[6].DDMTD_i/FIFO_10_inst/U0'
Finished Parsing XDC File [c:/Users/naika/Documents/GitHub/dcps_ddmtd_toolkit/firmware/firmware_DCPS/project_2_bram.srcs/sources_1/ip/FIFO_10/FIFO_10_clocks.xdc] for cell 'DDMTD_Array_inst/ddmtd_inst[6].DDMTD_i/FIFO_10_inst/U0'
Parsing XDC File [c:/Users/naika/Documents/GitHub/dcps_ddmtd_toolkit/firmware/firmware_DCPS/project_2_bram.srcs/sources_1/ip/FIFO_10/FIFO_10_clocks.xdc] for cell 'DDMTD_Array_inst/ddmtd_inst[7].DDMTD_i/FIFO_10_inst/U0'
Finished Parsing XDC File [c:/Users/naika/Documents/GitHub/dcps_ddmtd_toolkit/firmware/firmware_DCPS/project_2_bram.srcs/sources_1/ip/FIFO_10/FIFO_10_clocks.xdc] for cell 'DDMTD_Array_inst/ddmtd_inst[7].DDMTD_i/FIFO_10_inst/U0'
Parsing XDC File [c:/Users/naika/Documents/GitHub/dcps_ddmtd_toolkit/firmware/firmware_DCPS/project_2_bram.srcs/sources_1/ip/FIFO_10/FIFO_10_clocks.xdc] for cell 'DDMTD_Array_inst/ddmtd_inst[8].DDMTD_i/FIFO_10_inst/U0'
Finished Parsing XDC File [c:/Users/naika/Documents/GitHub/dcps_ddmtd_toolkit/firmware/firmware_DCPS/project_2_bram.srcs/sources_1/ip/FIFO_10/FIFO_10_clocks.xdc] for cell 'DDMTD_Array_inst/ddmtd_inst[8].DDMTD_i/FIFO_10_inst/U0'
Parsing XDC File [c:/Users/naika/Documents/GitHub/dcps_ddmtd_toolkit/firmware/firmware_DCPS/project_2_bram.srcs/sources_1/ip/FIFO_10/FIFO_10_clocks.xdc] for cell 'DDMTD_Array_inst/ddmtd_inst[9].DDMTD_i/FIFO_10_inst/U0'
Finished Parsing XDC File [c:/Users/naika/Documents/GitHub/dcps_ddmtd_toolkit/firmware/firmware_DCPS/project_2_bram.srcs/sources_1/ip/FIFO_10/FIFO_10_clocks.xdc] for cell 'DDMTD_Array_inst/ddmtd_inst[9].DDMTD_i/FIFO_10_inst/U0'
Sourcing Tcl File [C:/Xilinx/Vivado/2019.2/data/ip/xpm/xpm_memory/tcl/xpm_memory_xdc.tcl] for cell 'desing_ins/design_1_i/axi_smc/inst/m03_nodes/m03_ar_node/inst/inst_mi_handler/gen_normal_area.gen_node_prog_full.inst_node_prog_full/gen_xpm_memory_fifo.inst_fifo/gen_mem_rep[0].inst_xpm_memory'
Finished Sourcing Tcl File [C:/Xilinx/Vivado/2019.2/data/ip/xpm/xpm_memory/tcl/xpm_memory_xdc.tcl] for cell 'desing_ins/design_1_i/axi_smc/inst/m03_nodes/m03_ar_node/inst/inst_mi_handler/gen_normal_area.gen_node_prog_full.inst_node_prog_full/gen_xpm_memory_fifo.inst_fifo/gen_mem_rep[0].inst_xpm_memory'
Sourcing Tcl File [C:/Xilinx/Vivado/2019.2/data/ip/xpm/xpm_memory/tcl/xpm_memory_xdc.tcl] for cell 'desing_ins/design_1_i/axi_smc/inst/s00_nodes/s00_r_node/inst/inst_mi_handler/gen_normal_area.gen_node_prog_full.inst_node_prog_full/gen_xpm_memory_fifo.inst_fifo/gen_mem_rep[0].inst_xpm_memory'
Finished Sourcing Tcl File [C:/Xilinx/Vivado/2019.2/data/ip/xpm/xpm_memory/tcl/xpm_memory_xdc.tcl] for cell 'desing_ins/design_1_i/axi_smc/inst/s00_nodes/s00_r_node/inst/inst_mi_handler/gen_normal_area.gen_node_prog_full.inst_node_prog_full/gen_xpm_memory_fifo.inst_fifo/gen_mem_rep[0].inst_xpm_memory'
Sourcing Tcl File [C:/Xilinx/Vivado/2019.2/data/ip/xpm/xpm_memory/tcl/xpm_memory_xdc.tcl] for cell 'desing_ins/design_1_i/axi_smc/inst/s00_nodes/s00_b_node/inst/inst_mi_handler/gen_normal_area.gen_node_prog_full.inst_node_prog_full/gen_xpm_memory_fifo.inst_fifo/gen_mem_rep[0].inst_xpm_memory'
Finished Sourcing Tcl File [C:/Xilinx/Vivado/2019.2/data/ip/xpm/xpm_memory/tcl/xpm_memory_xdc.tcl] for cell 'desing_ins/design_1_i/axi_smc/inst/s00_nodes/s00_b_node/inst/inst_mi_handler/gen_normal_area.gen_node_prog_full.inst_node_prog_full/gen_xpm_memory_fifo.inst_fifo/gen_mem_rep[0].inst_xpm_memory'
Sourcing Tcl File [C:/Xilinx/Vivado/2019.2/data/ip/xpm/xpm_memory/tcl/xpm_memory_xdc.tcl] for cell 'desing_ins/design_1_i/axi_smc/inst/m00_nodes/m00_w_node/inst/inst_mi_handler/gen_normal_area.gen_node_prog_full.inst_node_prog_full/gen_xpm_memory_fifo.inst_fifo/gen_mem_rep[0].inst_xpm_memory'
Finished Sourcing Tcl File [C:/Xilinx/Vivado/2019.2/data/ip/xpm/xpm_memory/tcl/xpm_memory_xdc.tcl] for cell 'desing_ins/design_1_i/axi_smc/inst/m00_nodes/m00_w_node/inst/inst_mi_handler/gen_normal_area.gen_node_prog_full.inst_node_prog_full/gen_xpm_memory_fifo.inst_fifo/gen_mem_rep[0].inst_xpm_memory'
Sourcing Tcl File [C:/Xilinx/Vivado/2019.2/data/ip/xpm/xpm_memory/tcl/xpm_memory_xdc.tcl] for cell 'desing_ins/design_1_i/axi_smc/inst/m00_nodes/m00_aw_node/inst/inst_mi_handler/gen_normal_area.gen_node_prog_full.inst_node_prog_full/gen_xpm_memory_fifo.inst_fifo/gen_mem_rep[0].inst_xpm_memory'
Finished Sourcing Tcl File [C:/Xilinx/Vivado/2019.2/data/ip/xpm/xpm_memory/tcl/xpm_memory_xdc.tcl] for cell 'desing_ins/design_1_i/axi_smc/inst/m00_nodes/m00_aw_node/inst/inst_mi_handler/gen_normal_area.gen_node_prog_full.inst_node_prog_full/gen_xpm_memory_fifo.inst_fifo/gen_mem_rep[0].inst_xpm_memory'
Sourcing Tcl File [C:/Xilinx/Vivado/2019.2/data/ip/xpm/xpm_memory/tcl/xpm_memory_xdc.tcl] for cell 'desing_ins/design_1_i/axi_smc/inst/m00_nodes/m00_ar_node/inst/inst_mi_handler/gen_normal_area.gen_node_prog_full.inst_node_prog_full/gen_xpm_memory_fifo.inst_fifo/gen_mem_rep[0].inst_xpm_memory'
Finished Sourcing Tcl File [C:/Xilinx/Vivado/2019.2/data/ip/xpm/xpm_memory/tcl/xpm_memory_xdc.tcl] for cell 'desing_ins/design_1_i/axi_smc/inst/m00_nodes/m00_ar_node/inst/inst_mi_handler/gen_normal_area.gen_node_prog_full.inst_node_prog_full/gen_xpm_memory_fifo.inst_fifo/gen_mem_rep[0].inst_xpm_memory'
Sourcing Tcl File [C:/Xilinx/Vivado/2019.2/data/ip/xpm/xpm_memory/tcl/xpm_memory_xdc.tcl] for cell 'desing_ins/design_1_i/axi_smc/inst/m01_nodes/m01_w_node/inst/inst_mi_handler/gen_normal_area.gen_node_prog_full.inst_node_prog_full/gen_xpm_memory_fifo.inst_fifo/gen_mem_rep[0].inst_xpm_memory'
Finished Sourcing Tcl File [C:/Xilinx/Vivado/2019.2/data/ip/xpm/xpm_memory/tcl/xpm_memory_xdc.tcl] for cell 'desing_ins/design_1_i/axi_smc/inst/m01_nodes/m01_w_node/inst/inst_mi_handler/gen_normal_area.gen_node_prog_full.inst_node_prog_full/gen_xpm_memory_fifo.inst_fifo/gen_mem_rep[0].inst_xpm_memory'
Sourcing Tcl File [C:/Xilinx/Vivado/2019.2/data/ip/xpm/xpm_memory/tcl/xpm_memory_xdc.tcl] for cell 'desing_ins/design_1_i/axi_smc/inst/m01_nodes/m01_aw_node/inst/inst_mi_handler/gen_normal_area.gen_node_prog_full.inst_node_prog_full/gen_xpm_memory_fifo.inst_fifo/gen_mem_rep[0].inst_xpm_memory'
Finished Sourcing Tcl File [C:/Xilinx/Vivado/2019.2/data/ip/xpm/xpm_memory/tcl/xpm_memory_xdc.tcl] for cell 'desing_ins/design_1_i/axi_smc/inst/m01_nodes/m01_aw_node/inst/inst_mi_handler/gen_normal_area.gen_node_prog_full.inst_node_prog_full/gen_xpm_memory_fifo.inst_fifo/gen_mem_rep[0].inst_xpm_memory'
Sourcing Tcl File [C:/Xilinx/Vivado/2019.2/data/ip/xpm/xpm_memory/tcl/xpm_memory_xdc.tcl] for cell 'desing_ins/design_1_i/axi_smc/inst/m01_nodes/m01_ar_node/inst/inst_mi_handler/gen_normal_area.gen_node_prog_full.inst_node_prog_full/gen_xpm_memory_fifo.inst_fifo/gen_mem_rep[0].inst_xpm_memory'
Finished Sourcing Tcl File [C:/Xilinx/Vivado/2019.2/data/ip/xpm/xpm_memory/tcl/xpm_memory_xdc.tcl] for cell 'desing_ins/design_1_i/axi_smc/inst/m01_nodes/m01_ar_node/inst/inst_mi_handler/gen_normal_area.gen_node_prog_full.inst_node_prog_full/gen_xpm_memory_fifo.inst_fifo/gen_mem_rep[0].inst_xpm_memory'
Sourcing Tcl File [C:/Xilinx/Vivado/2019.2/data/ip/xpm/xpm_memory/tcl/xpm_memory_xdc.tcl] for cell 'desing_ins/design_1_i/axi_smc/inst/m02_nodes/m02_w_node/inst/inst_mi_handler/gen_normal_area.gen_node_prog_full.inst_node_prog_full/gen_xpm_memory_fifo.inst_fifo/gen_mem_rep[0].inst_xpm_memory'
Finished Sourcing Tcl File [C:/Xilinx/Vivado/2019.2/data/ip/xpm/xpm_memory/tcl/xpm_memory_xdc.tcl] for cell 'desing_ins/design_1_i/axi_smc/inst/m02_nodes/m02_w_node/inst/inst_mi_handler/gen_normal_area.gen_node_prog_full.inst_node_prog_full/gen_xpm_memory_fifo.inst_fifo/gen_mem_rep[0].inst_xpm_memory'
Sourcing Tcl File [C:/Xilinx/Vivado/2019.2/data/ip/xpm/xpm_memory/tcl/xpm_memory_xdc.tcl] for cell 'desing_ins/design_1_i/axi_smc/inst/m02_nodes/m02_aw_node/inst/inst_mi_handler/gen_normal_area.gen_node_prog_full.inst_node_prog_full/gen_xpm_memory_fifo.inst_fifo/gen_mem_rep[0].inst_xpm_memory'
Finished Sourcing Tcl File [C:/Xilinx/Vivado/2019.2/data/ip/xpm/xpm_memory/tcl/xpm_memory_xdc.tcl] for cell 'desing_ins/design_1_i/axi_smc/inst/m02_nodes/m02_aw_node/inst/inst_mi_handler/gen_normal_area.gen_node_prog_full.inst_node_prog_full/gen_xpm_memory_fifo.inst_fifo/gen_mem_rep[0].inst_xpm_memory'
Sourcing Tcl File [C:/Xilinx/Vivado/2019.2/data/ip/xpm/xpm_memory/tcl/xpm_memory_xdc.tcl] for cell 'desing_ins/design_1_i/axi_smc/inst/m02_nodes/m02_ar_node/inst/inst_mi_handler/gen_normal_area.gen_node_prog_full.inst_node_prog_full/gen_xpm_memory_fifo.inst_fifo/gen_mem_rep[0].inst_xpm_memory'
Finished Sourcing Tcl File [C:/Xilinx/Vivado/2019.2/data/ip/xpm/xpm_memory/tcl/xpm_memory_xdc.tcl] for cell 'desing_ins/design_1_i/axi_smc/inst/m02_nodes/m02_ar_node/inst/inst_mi_handler/gen_normal_area.gen_node_prog_full.inst_node_prog_full/gen_xpm_memory_fifo.inst_fifo/gen_mem_rep[0].inst_xpm_memory'
Sourcing Tcl File [C:/Xilinx/Vivado/2019.2/data/ip/xpm/xpm_memory/tcl/xpm_memory_xdc.tcl] for cell 'desing_ins/design_1_i/axi_smc/inst/m03_nodes/m03_w_node/inst/inst_mi_handler/gen_normal_area.gen_node_prog_full.inst_node_prog_full/gen_xpm_memory_fifo.inst_fifo/gen_mem_rep[0].inst_xpm_memory'
Finished Sourcing Tcl File [C:/Xilinx/Vivado/2019.2/data/ip/xpm/xpm_memory/tcl/xpm_memory_xdc.tcl] for cell 'desing_ins/design_1_i/axi_smc/inst/m03_nodes/m03_w_node/inst/inst_mi_handler/gen_normal_area.gen_node_prog_full.inst_node_prog_full/gen_xpm_memory_fifo.inst_fifo/gen_mem_rep[0].inst_xpm_memory'
Sourcing Tcl File [C:/Xilinx/Vivado/2019.2/data/ip/xpm/xpm_memory/tcl/xpm_memory_xdc.tcl] for cell 'desing_ins/design_1_i/axi_smc/inst/m03_nodes/m03_aw_node/inst/inst_mi_handler/gen_normal_area.gen_node_prog_full.inst_node_prog_full/gen_xpm_memory_fifo.inst_fifo/gen_mem_rep[0].inst_xpm_memory'
Finished Sourcing Tcl File [C:/Xilinx/Vivado/2019.2/data/ip/xpm/xpm_memory/tcl/xpm_memory_xdc.tcl] for cell 'desing_ins/design_1_i/axi_smc/inst/m03_nodes/m03_aw_node/inst/inst_mi_handler/gen_normal_area.gen_node_prog_full.inst_node_prog_full/gen_xpm_memory_fifo.inst_fifo/gen_mem_rep[0].inst_xpm_memory'
Sourcing Tcl File [C:/Xilinx/Vivado/2019.2/data/ip/xpm/xpm_memory/tcl/xpm_memory_xdc.tcl] for cell 'desing_ins/design_1_i/axi_smc/inst/m03_nodes/m03_ar_node/inst/inst_mi_handler/gen_normal_area.inst_fifo_node_payld/gen_xpm_memory_fifo.inst_fifo/gen_mem_rep[0].inst_xpm_memory'
Finished Sourcing Tcl File [C:/Xilinx/Vivado/2019.2/data/ip/xpm/xpm_memory/tcl/xpm_memory_xdc.tcl] for cell 'desing_ins/design_1_i/axi_smc/inst/m03_nodes/m03_ar_node/inst/inst_mi_handler/gen_normal_area.inst_fifo_node_payld/gen_xpm_memory_fifo.inst_fifo/gen_mem_rep[0].inst_xpm_memory'
Sourcing Tcl File [C:/Xilinx/Vivado/2019.2/data/ip/xpm/xpm_memory/tcl/xpm_memory_xdc.tcl] for cell 'desing_ins/design_1_i/axi_smc/inst/m01_nodes/m01_aw_node/inst/inst_mi_handler/gen_normal_area.inst_fifo_node_payld/gen_xpm_memory_fifo.inst_fifo/gen_mem_rep[0].inst_xpm_memory'
Finished Sourcing Tcl File [C:/Xilinx/Vivado/2019.2/data/ip/xpm/xpm_memory/tcl/xpm_memory_xdc.tcl] for cell 'desing_ins/design_1_i/axi_smc/inst/m01_nodes/m01_aw_node/inst/inst_mi_handler/gen_normal_area.inst_fifo_node_payld/gen_xpm_memory_fifo.inst_fifo/gen_mem_rep[0].inst_xpm_memory'
Sourcing Tcl File [C:/Xilinx/Vivado/2019.2/data/ip/xpm/xpm_memory/tcl/xpm_memory_xdc.tcl] for cell 'desing_ins/design_1_i/axi_smc/inst/m01_nodes/m01_ar_node/inst/inst_mi_handler/gen_normal_area.inst_fifo_node_payld/gen_xpm_memory_fifo.inst_fifo/gen_mem_rep[0].inst_xpm_memory'
Finished Sourcing Tcl File [C:/Xilinx/Vivado/2019.2/data/ip/xpm/xpm_memory/tcl/xpm_memory_xdc.tcl] for cell 'desing_ins/design_1_i/axi_smc/inst/m01_nodes/m01_ar_node/inst/inst_mi_handler/gen_normal_area.inst_fifo_node_payld/gen_xpm_memory_fifo.inst_fifo/gen_mem_rep[0].inst_xpm_memory'
Sourcing Tcl File [C:/Xilinx/Vivado/2019.2/data/ip/xpm/xpm_memory/tcl/xpm_memory_xdc.tcl] for cell 'desing_ins/design_1_i/axi_smc/inst/m02_nodes/m02_aw_node/inst/inst_mi_handler/gen_normal_area.inst_fifo_node_payld/gen_xpm_memory_fifo.inst_fifo/gen_mem_rep[0].inst_xpm_memory'
Finished Sourcing Tcl File [C:/Xilinx/Vivado/2019.2/data/ip/xpm/xpm_memory/tcl/xpm_memory_xdc.tcl] for cell 'desing_ins/design_1_i/axi_smc/inst/m02_nodes/m02_aw_node/inst/inst_mi_handler/gen_normal_area.inst_fifo_node_payld/gen_xpm_memory_fifo.inst_fifo/gen_mem_rep[0].inst_xpm_memory'
Sourcing Tcl File [C:/Xilinx/Vivado/2019.2/data/ip/xpm/xpm_memory/tcl/xpm_memory_xdc.tcl] for cell 'desing_ins/design_1_i/axi_smc/inst/m02_nodes/m02_ar_node/inst/inst_mi_handler/gen_normal_area.inst_fifo_node_payld/gen_xpm_memory_fifo.inst_fifo/gen_mem_rep[0].inst_xpm_memory'
Finished Sourcing Tcl File [C:/Xilinx/Vivado/2019.2/data/ip/xpm/xpm_memory/tcl/xpm_memory_xdc.tcl] for cell 'desing_ins/design_1_i/axi_smc/inst/m02_nodes/m02_ar_node/inst/inst_mi_handler/gen_normal_area.inst_fifo_node_payld/gen_xpm_memory_fifo.inst_fifo/gen_mem_rep[0].inst_xpm_memory'
Sourcing Tcl File [C:/Xilinx/Vivado/2019.2/data/ip/xpm/xpm_memory/tcl/xpm_memory_xdc.tcl] for cell 'desing_ins/design_1_i/axi_smc/inst/m03_nodes/m03_aw_node/inst/inst_mi_handler/gen_normal_area.inst_fifo_node_payld/gen_xpm_memory_fifo.inst_fifo/gen_mem_rep[0].inst_xpm_memory'
Finished Sourcing Tcl File [C:/Xilinx/Vivado/2019.2/data/ip/xpm/xpm_memory/tcl/xpm_memory_xdc.tcl] for cell 'desing_ins/design_1_i/axi_smc/inst/m03_nodes/m03_aw_node/inst/inst_mi_handler/gen_normal_area.inst_fifo_node_payld/gen_xpm_memory_fifo.inst_fifo/gen_mem_rep[0].inst_xpm_memory'
Sourcing Tcl File [C:/Xilinx/Vivado/2019.2/data/ip/xpm/xpm_memory/tcl/xpm_memory_xdc.tcl] for cell 'desing_ins/design_1_i/axi_smc/inst/m00_nodes/m00_aw_node/inst/inst_mi_handler/gen_normal_area.inst_fifo_node_payld/gen_xpm_memory_fifo.inst_fifo/gen_mem_rep[0].inst_xpm_memory'
Finished Sourcing Tcl File [C:/Xilinx/Vivado/2019.2/data/ip/xpm/xpm_memory/tcl/xpm_memory_xdc.tcl] for cell 'desing_ins/design_1_i/axi_smc/inst/m00_nodes/m00_aw_node/inst/inst_mi_handler/gen_normal_area.inst_fifo_node_payld/gen_xpm_memory_fifo.inst_fifo/gen_mem_rep[0].inst_xpm_memory'
Sourcing Tcl File [C:/Xilinx/Vivado/2019.2/data/ip/xpm/xpm_memory/tcl/xpm_memory_xdc.tcl] for cell 'desing_ins/design_1_i/axi_smc/inst/m00_nodes/m00_ar_node/inst/inst_mi_handler/gen_normal_area.inst_fifo_node_payld/gen_xpm_memory_fifo.inst_fifo/gen_mem_rep[0].inst_xpm_memory'
Finished Sourcing Tcl File [C:/Xilinx/Vivado/2019.2/data/ip/xpm/xpm_memory/tcl/xpm_memory_xdc.tcl] for cell 'desing_ins/design_1_i/axi_smc/inst/m00_nodes/m00_ar_node/inst/inst_mi_handler/gen_normal_area.inst_fifo_node_payld/gen_xpm_memory_fifo.inst_fifo/gen_mem_rep[0].inst_xpm_memory'
Sourcing Tcl File [C:/Xilinx/Vivado/2019.2/data/ip/xpm/xpm_memory/tcl/xpm_memory_xdc.tcl] for cell 'desing_ins/design_1_i/axi_smc/inst/m03_nodes/m03_b_node/inst/inst_mi_handler/gen_normal_area.gen_fifo_req.inst_fifo_req/gen_xpm_memory_fifo.inst_fifo/gen_mem_rep[0].inst_xpm_memory'
Finished Sourcing Tcl File [C:/Xilinx/Vivado/2019.2/data/ip/xpm/xpm_memory/tcl/xpm_memory_xdc.tcl] for cell 'desing_ins/design_1_i/axi_smc/inst/m03_nodes/m03_b_node/inst/inst_mi_handler/gen_normal_area.gen_fifo_req.inst_fifo_req/gen_xpm_memory_fifo.inst_fifo/gen_mem_rep[0].inst_xpm_memory'
Sourcing Tcl File [C:/Xilinx/Vivado/2019.2/data/ip/xpm/xpm_memory/tcl/xpm_memory_xdc.tcl] for cell 'desing_ins/design_1_i/axi_smc/inst/s00_nodes/s00_b_node/inst/inst_mi_handler/gen_normal_area.inst_fifo_node_payld/gen_xpm_memory_fifo.inst_fifo/gen_mem_rep[0].inst_xpm_memory'
Finished Sourcing Tcl File [C:/Xilinx/Vivado/2019.2/data/ip/xpm/xpm_memory/tcl/xpm_memory_xdc.tcl] for cell 'desing_ins/design_1_i/axi_smc/inst/s00_nodes/s00_b_node/inst/inst_mi_handler/gen_normal_area.inst_fifo_node_payld/gen_xpm_memory_fifo.inst_fifo/gen_mem_rep[0].inst_xpm_memory'
Sourcing Tcl File [C:/Xilinx/Vivado/2019.2/data/ip/xpm/xpm_memory/tcl/xpm_memory_xdc.tcl] for cell 'desing_ins/design_1_i/axi_smc/inst/s00_nodes/s00_r_node/inst/inst_mi_handler/gen_normal_area.inst_fifo_node_payld/gen_xpm_memory_fifo.inst_fifo/gen_mem_rep[1].inst_xpm_memory'
Finished Sourcing Tcl File [C:/Xilinx/Vivado/2019.2/data/ip/xpm/xpm_memory/tcl/xpm_memory_xdc.tcl] for cell 'desing_ins/design_1_i/axi_smc/inst/s00_nodes/s00_r_node/inst/inst_mi_handler/gen_normal_area.inst_fifo_node_payld/gen_xpm_memory_fifo.inst_fifo/gen_mem_rep[1].inst_xpm_memory'
Sourcing Tcl File [C:/Xilinx/Vivado/2019.2/data/ip/xpm/xpm_memory/tcl/xpm_memory_xdc.tcl] for cell 'desing_ins/design_1_i/axi_smc/inst/s00_nodes/s00_r_node/inst/inst_mi_handler/gen_normal_area.inst_fifo_node_payld/gen_xpm_memory_fifo.inst_fifo/gen_mem_rep[0].inst_xpm_memory'
Finished Sourcing Tcl File [C:/Xilinx/Vivado/2019.2/data/ip/xpm/xpm_memory/tcl/xpm_memory_xdc.tcl] for cell 'desing_ins/design_1_i/axi_smc/inst/s00_nodes/s00_r_node/inst/inst_mi_handler/gen_normal_area.inst_fifo_node_payld/gen_xpm_memory_fifo.inst_fifo/gen_mem_rep[0].inst_xpm_memory'
Sourcing Tcl File [C:/Xilinx/Vivado/2019.2/data/ip/xpm/xpm_memory/tcl/xpm_memory_xdc.tcl] for cell 'desing_ins/design_1_i/axi_smc/inst/s00_nodes/s00_w_node/inst/inst_mi_handler/gen_normal_area.inst_fifo_node_payld/gen_xpm_memory_fifo.inst_fifo/gen_mem_rep[0].inst_xpm_memory'
Finished Sourcing Tcl File [C:/Xilinx/Vivado/2019.2/data/ip/xpm/xpm_memory/tcl/xpm_memory_xdc.tcl] for cell 'desing_ins/design_1_i/axi_smc/inst/s00_nodes/s00_w_node/inst/inst_mi_handler/gen_normal_area.inst_fifo_node_payld/gen_xpm_memory_fifo.inst_fifo/gen_mem_rep[0].inst_xpm_memory'
Sourcing Tcl File [C:/Xilinx/Vivado/2019.2/data/ip/xpm/xpm_memory/tcl/xpm_memory_xdc.tcl] for cell 'desing_ins/design_1_i/axi_smc/inst/s00_nodes/s00_w_node/inst/inst_mi_handler/gen_normal_area.inst_fifo_node_payld/gen_xpm_memory_fifo.inst_fifo/gen_mem_rep[1].inst_xpm_memory'
Finished Sourcing Tcl File [C:/Xilinx/Vivado/2019.2/data/ip/xpm/xpm_memory/tcl/xpm_memory_xdc.tcl] for cell 'desing_ins/design_1_i/axi_smc/inst/s00_nodes/s00_w_node/inst/inst_mi_handler/gen_normal_area.inst_fifo_node_payld/gen_xpm_memory_fifo.inst_fifo/gen_mem_rep[1].inst_xpm_memory'
Sourcing Tcl File [C:/Xilinx/Vivado/2019.2/data/ip/xpm/xpm_memory/tcl/xpm_memory_xdc.tcl] for cell 'desing_ins/design_1_i/axi_smc/inst/m01_nodes/m01_b_node/inst/inst_mi_handler/gen_normal_area.gen_fifo_req.inst_fifo_req/gen_xpm_memory_fifo.inst_fifo/gen_mem_rep[0].inst_xpm_memory'
Finished Sourcing Tcl File [C:/Xilinx/Vivado/2019.2/data/ip/xpm/xpm_memory/tcl/xpm_memory_xdc.tcl] for cell 'desing_ins/design_1_i/axi_smc/inst/m01_nodes/m01_b_node/inst/inst_mi_handler/gen_normal_area.gen_fifo_req.inst_fifo_req/gen_xpm_memory_fifo.inst_fifo/gen_mem_rep[0].inst_xpm_memory'
Sourcing Tcl File [C:/Xilinx/Vivado/2019.2/data/ip/xpm/xpm_memory/tcl/xpm_memory_xdc.tcl] for cell 'desing_ins/design_1_i/axi_smc/inst/m02_nodes/m02_r_node/inst/inst_mi_handler/gen_normal_area.gen_fifo_req.inst_fifo_req/gen_xpm_memory_fifo.inst_fifo/gen_mem_rep[0].inst_xpm_memory'
Finished Sourcing Tcl File [C:/Xilinx/Vivado/2019.2/data/ip/xpm/xpm_memory/tcl/xpm_memory_xdc.tcl] for cell 'desing_ins/design_1_i/axi_smc/inst/m02_nodes/m02_r_node/inst/inst_mi_handler/gen_normal_area.gen_fifo_req.inst_fifo_req/gen_xpm_memory_fifo.inst_fifo/gen_mem_rep[0].inst_xpm_memory'
Sourcing Tcl File [C:/Xilinx/Vivado/2019.2/data/ip/xpm/xpm_memory/tcl/xpm_memory_xdc.tcl] for cell 'desing_ins/design_1_i/axi_smc/inst/m02_nodes/m02_b_node/inst/inst_mi_handler/gen_normal_area.gen_fifo_req.inst_fifo_req/gen_xpm_memory_fifo.inst_fifo/gen_mem_rep[0].inst_xpm_memory'
Finished Sourcing Tcl File [C:/Xilinx/Vivado/2019.2/data/ip/xpm/xpm_memory/tcl/xpm_memory_xdc.tcl] for cell 'desing_ins/design_1_i/axi_smc/inst/m02_nodes/m02_b_node/inst/inst_mi_handler/gen_normal_area.gen_fifo_req.inst_fifo_req/gen_xpm_memory_fifo.inst_fifo/gen_mem_rep[0].inst_xpm_memory'
Sourcing Tcl File [C:/Xilinx/Vivado/2019.2/data/ip/xpm/xpm_memory/tcl/xpm_memory_xdc.tcl] for cell 'desing_ins/design_1_i/axi_smc/inst/m03_nodes/m03_r_node/inst/inst_mi_handler/gen_normal_area.gen_fifo_req.inst_fifo_req/gen_xpm_memory_fifo.inst_fifo/gen_mem_rep[0].inst_xpm_memory'
Finished Sourcing Tcl File [C:/Xilinx/Vivado/2019.2/data/ip/xpm/xpm_memory/tcl/xpm_memory_xdc.tcl] for cell 'desing_ins/design_1_i/axi_smc/inst/m03_nodes/m03_r_node/inst/inst_mi_handler/gen_normal_area.gen_fifo_req.inst_fifo_req/gen_xpm_memory_fifo.inst_fifo/gen_mem_rep[0].inst_xpm_memory'
Sourcing Tcl File [C:/Xilinx/Vivado/2019.2/data/ip/xpm/xpm_memory/tcl/xpm_memory_xdc.tcl] for cell 'desing_ins/design_1_i/axi_smc/inst/m00_nodes/m00_r_node/inst/inst_mi_handler/gen_normal_area.gen_fifo_req.inst_fifo_req/gen_xpm_memory_fifo.inst_fifo/gen_mem_rep[0].inst_xpm_memory'
Finished Sourcing Tcl File [C:/Xilinx/Vivado/2019.2/data/ip/xpm/xpm_memory/tcl/xpm_memory_xdc.tcl] for cell 'desing_ins/design_1_i/axi_smc/inst/m00_nodes/m00_r_node/inst/inst_mi_handler/gen_normal_area.gen_fifo_req.inst_fifo_req/gen_xpm_memory_fifo.inst_fifo/gen_mem_rep[0].inst_xpm_memory'
Sourcing Tcl File [C:/Xilinx/Vivado/2019.2/data/ip/xpm/xpm_memory/tcl/xpm_memory_xdc.tcl] for cell 'desing_ins/design_1_i/axi_smc/inst/m00_nodes/m00_b_node/inst/inst_mi_handler/gen_normal_area.gen_fifo_req.inst_fifo_req/gen_xpm_memory_fifo.inst_fifo/gen_mem_rep[0].inst_xpm_memory'
Finished Sourcing Tcl File [C:/Xilinx/Vivado/2019.2/data/ip/xpm/xpm_memory/tcl/xpm_memory_xdc.tcl] for cell 'desing_ins/design_1_i/axi_smc/inst/m00_nodes/m00_b_node/inst/inst_mi_handler/gen_normal_area.gen_fifo_req.inst_fifo_req/gen_xpm_memory_fifo.inst_fifo/gen_mem_rep[0].inst_xpm_memory'
Sourcing Tcl File [C:/Xilinx/Vivado/2019.2/data/ip/xpm/xpm_memory/tcl/xpm_memory_xdc.tcl] for cell 'desing_ins/design_1_i/axi_smc/inst/m01_nodes/m01_r_node/inst/inst_mi_handler/gen_normal_area.gen_fifo_req.inst_fifo_req/gen_xpm_memory_fifo.inst_fifo/gen_mem_rep[0].inst_xpm_memory'
Finished Sourcing Tcl File [C:/Xilinx/Vivado/2019.2/data/ip/xpm/xpm_memory/tcl/xpm_memory_xdc.tcl] for cell 'desing_ins/design_1_i/axi_smc/inst/m01_nodes/m01_r_node/inst/inst_mi_handler/gen_normal_area.gen_fifo_req.inst_fifo_req/gen_xpm_memory_fifo.inst_fifo/gen_mem_rep[0].inst_xpm_memory'
Sourcing Tcl File [C:/Xilinx/Vivado/2019.2/data/ip/xpm/xpm_memory/tcl/xpm_memory_xdc.tcl] for cell 'desing_ins/design_1_i/axi_smc/inst/m03_nodes/m03_b_node/inst/inst_mi_handler/gen_normal_area.inst_fifo_node_payld/gen_xpm_memory_fifo.inst_fifo/gen_mem_rep[0].inst_xpm_memory'
Finished Sourcing Tcl File [C:/Xilinx/Vivado/2019.2/data/ip/xpm/xpm_memory/tcl/xpm_memory_xdc.tcl] for cell 'desing_ins/design_1_i/axi_smc/inst/m03_nodes/m03_b_node/inst/inst_mi_handler/gen_normal_area.inst_fifo_node_payld/gen_xpm_memory_fifo.inst_fifo/gen_mem_rep[0].inst_xpm_memory'
Sourcing Tcl File [C:/Xilinx/Vivado/2019.2/data/ip/xpm/xpm_memory/tcl/xpm_memory_xdc.tcl] for cell 'desing_ins/design_1_i/axi_smc/inst/m00_nodes/m00_b_node/inst/inst_mi_handler/gen_normal_area.inst_fifo_node_payld/gen_xpm_memory_fifo.inst_fifo/gen_mem_rep[0].inst_xpm_memory'
Finished Sourcing Tcl File [C:/Xilinx/Vivado/2019.2/data/ip/xpm/xpm_memory/tcl/xpm_memory_xdc.tcl] for cell 'desing_ins/design_1_i/axi_smc/inst/m00_nodes/m00_b_node/inst/inst_mi_handler/gen_normal_area.inst_fifo_node_payld/gen_xpm_memory_fifo.inst_fifo/gen_mem_rep[0].inst_xpm_memory'
Sourcing Tcl File [C:/Xilinx/Vivado/2019.2/data/ip/xpm/xpm_memory/tcl/xpm_memory_xdc.tcl] for cell 'desing_ins/design_1_i/axi_smc/inst/m01_nodes/m01_b_node/inst/inst_mi_handler/gen_normal_area.inst_fifo_node_payld/gen_xpm_memory_fifo.inst_fifo/gen_mem_rep[0].inst_xpm_memory'
Finished Sourcing Tcl File [C:/Xilinx/Vivado/2019.2/data/ip/xpm/xpm_memory/tcl/xpm_memory_xdc.tcl] for cell 'desing_ins/design_1_i/axi_smc/inst/m01_nodes/m01_b_node/inst/inst_mi_handler/gen_normal_area.inst_fifo_node_payld/gen_xpm_memory_fifo.inst_fifo/gen_mem_rep[0].inst_xpm_memory'
Sourcing Tcl File [C:/Xilinx/Vivado/2019.2/data/ip/xpm/xpm_memory/tcl/xpm_memory_xdc.tcl] for cell 'desing_ins/design_1_i/axi_smc/inst/m02_nodes/m02_b_node/inst/inst_mi_handler/gen_normal_area.inst_fifo_node_payld/gen_xpm_memory_fifo.inst_fifo/gen_mem_rep[0].inst_xpm_memory'
Finished Sourcing Tcl File [C:/Xilinx/Vivado/2019.2/data/ip/xpm/xpm_memory/tcl/xpm_memory_xdc.tcl] for cell 'desing_ins/design_1_i/axi_smc/inst/m02_nodes/m02_b_node/inst/inst_mi_handler/gen_normal_area.inst_fifo_node_payld/gen_xpm_memory_fifo.inst_fifo/gen_mem_rep[0].inst_xpm_memory'
Sourcing Tcl File [C:/Xilinx/Vivado/2019.2/data/ip/xpm/xpm_memory/tcl/xpm_memory_xdc.tcl] for cell 'desing_ins/design_1_i/axi_smc/inst/m03_nodes/m03_r_node/inst/inst_mi_handler/gen_normal_area.inst_fifo_node_payld/gen_xpm_memory_fifo.inst_fifo/gen_mem_rep[0].inst_xpm_memory'
Finished Sourcing Tcl File [C:/Xilinx/Vivado/2019.2/data/ip/xpm/xpm_memory/tcl/xpm_memory_xdc.tcl] for cell 'desing_ins/design_1_i/axi_smc/inst/m03_nodes/m03_r_node/inst/inst_mi_handler/gen_normal_area.inst_fifo_node_payld/gen_xpm_memory_fifo.inst_fifo/gen_mem_rep[0].inst_xpm_memory'
Sourcing Tcl File [C:/Xilinx/Vivado/2019.2/data/ip/xpm/xpm_memory/tcl/xpm_memory_xdc.tcl] for cell 'desing_ins/design_1_i/axi_smc/inst/m00_nodes/m00_r_node/inst/inst_mi_handler/gen_normal_area.inst_fifo_node_payld/gen_xpm_memory_fifo.inst_fifo/gen_mem_rep[0].inst_xpm_memory'
Finished Sourcing Tcl File [C:/Xilinx/Vivado/2019.2/data/ip/xpm/xpm_memory/tcl/xpm_memory_xdc.tcl] for cell 'desing_ins/design_1_i/axi_smc/inst/m00_nodes/m00_r_node/inst/inst_mi_handler/gen_normal_area.inst_fifo_node_payld/gen_xpm_memory_fifo.inst_fifo/gen_mem_rep[0].inst_xpm_memory'
Sourcing Tcl File [C:/Xilinx/Vivado/2019.2/data/ip/xpm/xpm_memory/tcl/xpm_memory_xdc.tcl] for cell 'desing_ins/design_1_i/axi_smc/inst/m01_nodes/m01_r_node/inst/inst_mi_handler/gen_normal_area.inst_fifo_node_payld/gen_xpm_memory_fifo.inst_fifo/gen_mem_rep[0].inst_xpm_memory'
Finished Sourcing Tcl File [C:/Xilinx/Vivado/2019.2/data/ip/xpm/xpm_memory/tcl/xpm_memory_xdc.tcl] for cell 'desing_ins/design_1_i/axi_smc/inst/m01_nodes/m01_r_node/inst/inst_mi_handler/gen_normal_area.inst_fifo_node_payld/gen_xpm_memory_fifo.inst_fifo/gen_mem_rep[0].inst_xpm_memory'
Sourcing Tcl File [C:/Xilinx/Vivado/2019.2/data/ip/xpm/xpm_memory/tcl/xpm_memory_xdc.tcl] for cell 'desing_ins/design_1_i/axi_smc/inst/m02_nodes/m02_r_node/inst/inst_mi_handler/gen_normal_area.inst_fifo_node_payld/gen_xpm_memory_fifo.inst_fifo/gen_mem_rep[0].inst_xpm_memory'
Finished Sourcing Tcl File [C:/Xilinx/Vivado/2019.2/data/ip/xpm/xpm_memory/tcl/xpm_memory_xdc.tcl] for cell 'desing_ins/design_1_i/axi_smc/inst/m02_nodes/m02_r_node/inst/inst_mi_handler/gen_normal_area.inst_fifo_node_payld/gen_xpm_memory_fifo.inst_fifo/gen_mem_rep[0].inst_xpm_memory'
Sourcing Tcl File [C:/Xilinx/Vivado/2019.2/data/ip/xpm/xpm_memory/tcl/xpm_memory_xdc.tcl] for cell 'desing_ins/design_1_i/axi_smc/inst/m03_nodes/m03_r_node/inst/inst_mi_handler/gen_normal_area.inst_fifo_node_payld/gen_xpm_memory_fifo.inst_fifo/gen_mem_rep[1].inst_xpm_memory'
Finished Sourcing Tcl File [C:/Xilinx/Vivado/2019.2/data/ip/xpm/xpm_memory/tcl/xpm_memory_xdc.tcl] for cell 'desing_ins/design_1_i/axi_smc/inst/m03_nodes/m03_r_node/inst/inst_mi_handler/gen_normal_area.inst_fifo_node_payld/gen_xpm_memory_fifo.inst_fifo/gen_mem_rep[1].inst_xpm_memory'
Sourcing Tcl File [C:/Xilinx/Vivado/2019.2/data/ip/xpm/xpm_memory/tcl/xpm_memory_xdc.tcl] for cell 'desing_ins/design_1_i/axi_smc/inst/m00_nodes/m00_r_node/inst/inst_mi_handler/gen_normal_area.inst_fifo_node_payld/gen_xpm_memory_fifo.inst_fifo/gen_mem_rep[1].inst_xpm_memory'
Finished Sourcing Tcl File [C:/Xilinx/Vivado/2019.2/data/ip/xpm/xpm_memory/tcl/xpm_memory_xdc.tcl] for cell 'desing_ins/design_1_i/axi_smc/inst/m00_nodes/m00_r_node/inst/inst_mi_handler/gen_normal_area.inst_fifo_node_payld/gen_xpm_memory_fifo.inst_fifo/gen_mem_rep[1].inst_xpm_memory'
Sourcing Tcl File [C:/Xilinx/Vivado/2019.2/data/ip/xpm/xpm_memory/tcl/xpm_memory_xdc.tcl] for cell 'desing_ins/design_1_i/axi_smc/inst/m01_nodes/m01_r_node/inst/inst_mi_handler/gen_normal_area.inst_fifo_node_payld/gen_xpm_memory_fifo.inst_fifo/gen_mem_rep[1].inst_xpm_memory'
Finished Sourcing Tcl File [C:/Xilinx/Vivado/2019.2/data/ip/xpm/xpm_memory/tcl/xpm_memory_xdc.tcl] for cell 'desing_ins/design_1_i/axi_smc/inst/m01_nodes/m01_r_node/inst/inst_mi_handler/gen_normal_area.inst_fifo_node_payld/gen_xpm_memory_fifo.inst_fifo/gen_mem_rep[1].inst_xpm_memory'
Sourcing Tcl File [C:/Xilinx/Vivado/2019.2/data/ip/xpm/xpm_memory/tcl/xpm_memory_xdc.tcl] for cell 'desing_ins/design_1_i/axi_smc/inst/m02_nodes/m02_r_node/inst/inst_mi_handler/gen_normal_area.inst_fifo_node_payld/gen_xpm_memory_fifo.inst_fifo/gen_mem_rep[1].inst_xpm_memory'
Finished Sourcing Tcl File [C:/Xilinx/Vivado/2019.2/data/ip/xpm/xpm_memory/tcl/xpm_memory_xdc.tcl] for cell 'desing_ins/design_1_i/axi_smc/inst/m02_nodes/m02_r_node/inst/inst_mi_handler/gen_normal_area.inst_fifo_node_payld/gen_xpm_memory_fifo.inst_fifo/gen_mem_rep[1].inst_xpm_memory'
Sourcing Tcl File [C:/Xilinx/Vivado/2019.2/data/ip/xpm/xpm_memory/tcl/xpm_memory_xdc.tcl] for cell 'desing_ins/design_1_i/axi_smc/inst/m03_nodes/m03_w_node/inst/inst_mi_handler/gen_normal_area.inst_fifo_node_payld/gen_xpm_memory_fifo.inst_fifo/gen_mem_rep[0].inst_xpm_memory'
Finished Sourcing Tcl File [C:/Xilinx/Vivado/2019.2/data/ip/xpm/xpm_memory/tcl/xpm_memory_xdc.tcl] for cell 'desing_ins/design_1_i/axi_smc/inst/m03_nodes/m03_w_node/inst/inst_mi_handler/gen_normal_area.inst_fifo_node_payld/gen_xpm_memory_fifo.inst_fifo/gen_mem_rep[0].inst_xpm_memory'
Sourcing Tcl File [C:/Xilinx/Vivado/2019.2/data/ip/xpm/xpm_memory/tcl/xpm_memory_xdc.tcl] for cell 'desing_ins/design_1_i/axi_smc/inst/m00_nodes/m00_w_node/inst/inst_mi_handler/gen_normal_area.inst_fifo_node_payld/gen_xpm_memory_fifo.inst_fifo/gen_mem_rep[0].inst_xpm_memory'
Finished Sourcing Tcl File [C:/Xilinx/Vivado/2019.2/data/ip/xpm/xpm_memory/tcl/xpm_memory_xdc.tcl] for cell 'desing_ins/design_1_i/axi_smc/inst/m00_nodes/m00_w_node/inst/inst_mi_handler/gen_normal_area.inst_fifo_node_payld/gen_xpm_memory_fifo.inst_fifo/gen_mem_rep[0].inst_xpm_memory'
Sourcing Tcl File [C:/Xilinx/Vivado/2019.2/data/ip/xpm/xpm_memory/tcl/xpm_memory_xdc.tcl] for cell 'desing_ins/design_1_i/axi_smc/inst/m01_nodes/m01_w_node/inst/inst_mi_handler/gen_normal_area.inst_fifo_node_payld/gen_xpm_memory_fifo.inst_fifo/gen_mem_rep[0].inst_xpm_memory'
Finished Sourcing Tcl File [C:/Xilinx/Vivado/2019.2/data/ip/xpm/xpm_memory/tcl/xpm_memory_xdc.tcl] for cell 'desing_ins/design_1_i/axi_smc/inst/m01_nodes/m01_w_node/inst/inst_mi_handler/gen_normal_area.inst_fifo_node_payld/gen_xpm_memory_fifo.inst_fifo/gen_mem_rep[0].inst_xpm_memory'
Sourcing Tcl File [C:/Xilinx/Vivado/2019.2/data/ip/xpm/xpm_memory/tcl/xpm_memory_xdc.tcl] for cell 'desing_ins/design_1_i/axi_smc/inst/m02_nodes/m02_w_node/inst/inst_mi_handler/gen_normal_area.inst_fifo_node_payld/gen_xpm_memory_fifo.inst_fifo/gen_mem_rep[1].inst_xpm_memory'
Finished Sourcing Tcl File [C:/Xilinx/Vivado/2019.2/data/ip/xpm/xpm_memory/tcl/xpm_memory_xdc.tcl] for cell 'desing_ins/design_1_i/axi_smc/inst/m02_nodes/m02_w_node/inst/inst_mi_handler/gen_normal_area.inst_fifo_node_payld/gen_xpm_memory_fifo.inst_fifo/gen_mem_rep[1].inst_xpm_memory'
Sourcing Tcl File [C:/Xilinx/Vivado/2019.2/data/ip/xpm/xpm_memory/tcl/xpm_memory_xdc.tcl] for cell 'desing_ins/design_1_i/axi_smc/inst/m03_nodes/m03_w_node/inst/inst_mi_handler/gen_normal_area.inst_fifo_node_payld/gen_xpm_memory_fifo.inst_fifo/gen_mem_rep[1].inst_xpm_memory'
Finished Sourcing Tcl File [C:/Xilinx/Vivado/2019.2/data/ip/xpm/xpm_memory/tcl/xpm_memory_xdc.tcl] for cell 'desing_ins/design_1_i/axi_smc/inst/m03_nodes/m03_w_node/inst/inst_mi_handler/gen_normal_area.inst_fifo_node_payld/gen_xpm_memory_fifo.inst_fifo/gen_mem_rep[1].inst_xpm_memory'
Sourcing Tcl File [C:/Xilinx/Vivado/2019.2/data/ip/xpm/xpm_memory/tcl/xpm_memory_xdc.tcl] for cell 'desing_ins/design_1_i/axi_smc/inst/m00_nodes/m00_w_node/inst/inst_mi_handler/gen_normal_area.inst_fifo_node_payld/gen_xpm_memory_fifo.inst_fifo/gen_mem_rep[1].inst_xpm_memory'
Finished Sourcing Tcl File [C:/Xilinx/Vivado/2019.2/data/ip/xpm/xpm_memory/tcl/xpm_memory_xdc.tcl] for cell 'desing_ins/design_1_i/axi_smc/inst/m00_nodes/m00_w_node/inst/inst_mi_handler/gen_normal_area.inst_fifo_node_payld/gen_xpm_memory_fifo.inst_fifo/gen_mem_rep[1].inst_xpm_memory'
Sourcing Tcl File [C:/Xilinx/Vivado/2019.2/data/ip/xpm/xpm_memory/tcl/xpm_memory_xdc.tcl] for cell 'desing_ins/design_1_i/axi_smc/inst/m01_nodes/m01_w_node/inst/inst_mi_handler/gen_normal_area.inst_fifo_node_payld/gen_xpm_memory_fifo.inst_fifo/gen_mem_rep[1].inst_xpm_memory'
Finished Sourcing Tcl File [C:/Xilinx/Vivado/2019.2/data/ip/xpm/xpm_memory/tcl/xpm_memory_xdc.tcl] for cell 'desing_ins/design_1_i/axi_smc/inst/m01_nodes/m01_w_node/inst/inst_mi_handler/gen_normal_area.inst_fifo_node_payld/gen_xpm_memory_fifo.inst_fifo/gen_mem_rep[1].inst_xpm_memory'
Sourcing Tcl File [C:/Xilinx/Vivado/2019.2/data/ip/xpm/xpm_memory/tcl/xpm_memory_xdc.tcl] for cell 'desing_ins/design_1_i/axi_smc/inst/m02_nodes/m02_w_node/inst/inst_mi_handler/gen_normal_area.inst_fifo_node_payld/gen_xpm_memory_fifo.inst_fifo/gen_mem_rep[0].inst_xpm_memory'
Finished Sourcing Tcl File [C:/Xilinx/Vivado/2019.2/data/ip/xpm/xpm_memory/tcl/xpm_memory_xdc.tcl] for cell 'desing_ins/design_1_i/axi_smc/inst/m02_nodes/m02_w_node/inst/inst_mi_handler/gen_normal_area.inst_fifo_node_payld/gen_xpm_memory_fifo.inst_fifo/gen_mem_rep[0].inst_xpm_memory'
Sourcing Tcl File [C:/Xilinx/Vivado/2019.2/data/ip/xpm/xpm_memory/tcl/xpm_memory_xdc.tcl] for cell 'desing_ins/design_1_i/axi_smc/inst/s00_nodes/s00_ar_node/inst/inst_mi_handler/gen_normal_area.gen_fifo_req.inst_fifo_req/gen_xpm_memory_fifo.inst_fifo/gen_mem_rep[0].inst_xpm_memory'
Finished Sourcing Tcl File [C:/Xilinx/Vivado/2019.2/data/ip/xpm/xpm_memory/tcl/xpm_memory_xdc.tcl] for cell 'desing_ins/design_1_i/axi_smc/inst/s00_nodes/s00_ar_node/inst/inst_mi_handler/gen_normal_area.gen_fifo_req.inst_fifo_req/gen_xpm_memory_fifo.inst_fifo/gen_mem_rep[0].inst_xpm_memory'
Sourcing Tcl File [C:/Xilinx/Vivado/2019.2/data/ip/xpm/xpm_memory/tcl/xpm_memory_xdc.tcl] for cell 'desing_ins/design_1_i/axi_smc/inst/s00_nodes/s00_w_node/inst/inst_mi_handler/gen_normal_area.gen_fifo_req.inst_fifo_req/gen_xpm_memory_fifo.inst_fifo/gen_mem_rep[0].inst_xpm_memory'
Finished Sourcing Tcl File [C:/Xilinx/Vivado/2019.2/data/ip/xpm/xpm_memory/tcl/xpm_memory_xdc.tcl] for cell 'desing_ins/design_1_i/axi_smc/inst/s00_nodes/s00_w_node/inst/inst_mi_handler/gen_normal_area.gen_fifo_req.inst_fifo_req/gen_xpm_memory_fifo.inst_fifo/gen_mem_rep[0].inst_xpm_memory'
Sourcing Tcl File [C:/Xilinx/Vivado/2019.2/data/ip/xpm/xpm_memory/tcl/xpm_memory_xdc.tcl] for cell 'desing_ins/design_1_i/axi_smc/inst/s00_nodes/s00_aw_node/inst/inst_mi_handler/gen_normal_area.gen_fifo_req.inst_fifo_req/gen_xpm_memory_fifo.inst_fifo/gen_mem_rep[0].inst_xpm_memory'
Finished Sourcing Tcl File [C:/Xilinx/Vivado/2019.2/data/ip/xpm/xpm_memory/tcl/xpm_memory_xdc.tcl] for cell 'desing_ins/design_1_i/axi_smc/inst/s00_nodes/s00_aw_node/inst/inst_mi_handler/gen_normal_area.gen_fifo_req.inst_fifo_req/gen_xpm_memory_fifo.inst_fifo/gen_mem_rep[0].inst_xpm_memory'
Sourcing Tcl File [C:/Xilinx/Vivado/2019.2/data/ip/xpm/xpm_memory/tcl/xpm_memory_xdc.tcl] for cell 'desing_ins/design_1_i/axi_smc/inst/s00_nodes/s00_ar_node/inst/inst_mi_handler/gen_normal_area.inst_fifo_node_payld/gen_xpm_memory_fifo.inst_fifo/gen_mem_rep[0].inst_xpm_memory'
Finished Sourcing Tcl File [C:/Xilinx/Vivado/2019.2/data/ip/xpm/xpm_memory/tcl/xpm_memory_xdc.tcl] for cell 'desing_ins/design_1_i/axi_smc/inst/s00_nodes/s00_ar_node/inst/inst_mi_handler/gen_normal_area.inst_fifo_node_payld/gen_xpm_memory_fifo.inst_fifo/gen_mem_rep[0].inst_xpm_memory'
Sourcing Tcl File [C:/Xilinx/Vivado/2019.2/data/ip/xpm/xpm_memory/tcl/xpm_memory_xdc.tcl] for cell 'desing_ins/design_1_i/axi_smc/inst/s00_nodes/s00_aw_node/inst/inst_mi_handler/gen_normal_area.inst_fifo_node_payld/gen_xpm_memory_fifo.inst_fifo/gen_mem_rep[0].inst_xpm_memory'
Finished Sourcing Tcl File [C:/Xilinx/Vivado/2019.2/data/ip/xpm/xpm_memory/tcl/xpm_memory_xdc.tcl] for cell 'desing_ins/design_1_i/axi_smc/inst/s00_nodes/s00_aw_node/inst/inst_mi_handler/gen_normal_area.inst_fifo_node_payld/gen_xpm_memory_fifo.inst_fifo/gen_mem_rep[0].inst_xpm_memory'
INFO: [Project 1-236] Implementation specific constraints were found while reading constraint file [C:/Xilinx/Vivado/2019.2/data/ip/xpm/xpm_memory/tcl/xpm_memory_xdc.tcl]. These constraints will be ignored for synthesis but will be used in implementation. Impacted constraints are listed in the file [.Xil/main_propImpl.xdc].
Resolution: To avoid this warning, move constraints listed in [.Xil/main_propImpl.xdc] to another XDC file and exclude this new file from synthesis with the used_in_synthesis property (File Properties dialog in GUI) and re-run elaboration/synthesis.
WARNING: [Constraints 18-5210] No constraints selected for write.
Resolution: This message can indicate that there are no constraints for the design, or it can indicate that the used_in flags are set such that the constraints are ignored. This later case is used when running synth_design to not write synthesis constraints to the resulting checkpoint. Instead, project constraints are read when the synthesized design is opened.
Completed Processing XDC Constraints

INFO: [Opt 31-138] Pushed 0 inverter(s) to 0 load pin(s).
Netlist sorting complete. Time (s): cpu = 00:00:00 ; elapsed = 00:00:00.094 . Memory (MB): peak = 4921.707 ; gain = 0.000
INFO: [Project 1-111] Unisim Transformation Summary:
  A total of 428 instances were transformed.
  IBUF => IBUF (IBUFCTRL, INBUF): 7 instances
  IBUFDS => IBUFDS (DIFFINBUF, IBUFCTRL): 14 instances
  IBUFGDS => IBUFDS (DIFFINBUF, IBUFCTRL): 1 instance 
  OBUFDS => OBUFDS: 8 instances
  RAM32M16 => RAM32M16 (RAMD32(x14), RAMS32(x2)): 384 instances
  RAM32X1D => RAM32X1D (RAMD32(x2)): 14 instances

RTL Elaboration Complete:  : Time (s): cpu = 00:00:59 ; elapsed = 00:00:55 . Memory (MB): peak = 5010.004 ; gain = 134.551
61 Infos, 53 Warnings, 0 Critical Warnings and 0 Errors encountered.
synth_design completed successfully
synth_design: Time (s): cpu = 00:01:00 ; elapsed = 00:00:55 . Memory (MB): peak = 5010.004 ; gain = 134.551
